2025-04-24 00:11:36 - HV000001: Hibernate Validator 8.0.2.Final
2025-04-24 00:11:36 - Starting SpringProjectApplicationTests using Java 21.0.6 with PID 15500 (started by OmarU in C:\GitHub\springboot-essentials-template)
2025-04-24 00:11:36 - The following 1 profile is active: "dev"
2025-04-24 00:11:37 - Refreshing org.springframework.web.context.support.GenericWebApplicationContext@4dad0eed
2025-04-24 00:11:38 - Bootstrapping Spring Data JPA repositories in DEFAULT mode.
2025-04-24 00:11:38 - Finished Spring Data repository scanning in 71 ms. Found 1 JPA repository interface.
2025-04-24 00:11:39 - HikariPool-1 - Starting...
2025-04-24 00:11:39 - HikariPool-1 - Added connection com.mysql.cj.jdbc.ConnectionImpl@632dc41
2025-04-24 00:11:39 - HikariPool-1 - Start completed.
2025-04-24 00:11:40 - Reading from mydatabase.databasechangelog
2025-04-24 00:11:40 - Database is up to date, no changesets to execute
2025-04-24 00:11:40 - Reading from mydatabase.databasechangelog
2025-04-24 00:11:40 - UPDATE SUMMARY
2025-04-24 00:11:40 - Run:                          0
2025-04-24 00:11:40 - Previously run:               6
2025-04-24 00:11:40 - Filtered out:                 0
2025-04-24 00:11:40 - -------------------------------
2025-04-24 00:11:40 - Total change sets:            6
2025-04-24 00:11:40 - Update summary generated
2025-04-24 00:11:40 - Command execution complete
2025-04-24 00:11:40 - HHH000204: Processing PersistenceUnitInfo [name: default]
2025-04-24 00:11:40 - HHH000412: Hibernate ORM core version 6.6.11.Final
2025-04-24 00:11:40 - HHH000026: Second-level cache disabled
2025-04-24 00:11:40 - No LoadTimeWeaver setup: ignoring JPA class transformer
2025-04-24 00:11:40 - HHH000511: The 5.5.5 version for [org.hibernate.dialect.MySQLDialect] is no longer supported, hence certain features may not work properly. The minimum supported version is 8.0.0. Check the community dialects project for available legacy versions.
2025-04-24 00:11:40 - HHH10001005: Database info:
	Database JDBC URL [Connecting through datasource 'HikariDataSource (HikariPool-1)']
	Database driver: undefined/unknown
	Database version: 5.5.5
	Autocommit mode: undefined/unknown
	Isolation level: undefined/unknown
	Minimum pool size: undefined/unknown
	Maximum pool size: undefined/unknown
2025-04-24 00:11:41 - HHH000489: No JTA platform available (set 'hibernate.transaction.jta.platform' to enable JTA platform integration)
2025-04-24 00:11:41 - Initialized JPA EntityManagerFactory for persistence unit 'default'
2025-04-24 00:11:41 - Global AuthenticationManager configured with UserDetailsService bean with name userDetailsServiceImpl
2025-04-24 00:11:42 - 7 mappings in 'requestMappingHandlerMapping'
2025-04-24 00:11:42 - Default resource handling disabled
2025-04-24 00:11:42 - Exposing 1 endpoint beneath base path '/actuator'
2025-04-24 00:11:43 - ControllerAdvice beans: 0 @ModelAttribute, 0 @InitBinder, 1 RequestBodyAdvice, 1 ResponseBodyAdvice
2025-04-24 00:11:43 - ControllerAdvice beans: 1 @ExceptionHandler, 1 ResponseBodyAdvice
2025-04-24 00:11:43 - Started SpringProjectApplicationTests in 6.937 seconds (process running for 9.147)
2025-04-24 00:11:43 - ==== App Started ====
2025-04-24 00:11:43 - Java Version: 21.0.6
2025-04-24 00:11:43 - Current Time: 2025-04-24T00:11:43.549534200
2025-04-24 00:11:43 - OS: Windows 10
2025-04-24 00:11:43 - OS Version: 10.0
2025-04-24 00:11:43 - Architecture: amd64
2025-04-24 00:11:43 - JVM Max Memory: 4086 MB
2025-04-24 00:11:43 - JVM Available Processors: 8
2025-04-24 00:11:43 - Spring Boot Version: 3.4.4
2025-04-24 00:11:43 - Active Profiles: dev
2025-04-24 00:11:43 - ==== App Ready! ====
2025-04-24 00:11:43 - Closing org.springframework.web.context.support.GenericWebApplicationContext@4dad0eed, started on Thu Apr 24 00:11:37 CST 2025
2025-04-24 00:11:43 - Closing JPA EntityManagerFactory for persistence unit 'default'
2025-04-24 00:11:43 - HikariPool-1 - Shutdown initiated...
2025-04-24 00:11:43 - HikariPool-1 - Shutdown completed.
2025-04-24 00:16:23 - HV000001: Hibernate Validator 8.0.2.Final
2025-04-24 00:16:23 - Starting JwtTokenProviderTest using Java 21.0.6 with PID 4072 (started by OmarU in C:\GitHub\springboot-essentials-template)
2025-04-24 00:16:23 - The following 1 profile is active: "dev"
2025-04-24 00:16:23 - Refreshing org.springframework.web.context.support.GenericWebApplicationContext@4784013e
2025-04-24 00:16:24 - Bootstrapping Spring Data JPA repositories in DEFAULT mode.
2025-04-24 00:16:24 - Finished Spring Data repository scanning in 79 ms. Found 1 JPA repository interface.
2025-04-24 00:16:25 - HikariPool-1 - Starting...
2025-04-24 00:16:25 - HikariPool-1 - Added connection com.mysql.cj.jdbc.ConnectionImpl@3c6bd624
2025-04-24 00:16:25 - HikariPool-1 - Start completed.
2025-04-24 00:16:26 - Reading from mydatabase.databasechangelog
2025-04-24 00:16:26 - Database is up to date, no changesets to execute
2025-04-24 00:16:26 - Reading from mydatabase.databasechangelog
2025-04-24 00:16:26 - UPDATE SUMMARY
2025-04-24 00:16:26 - Run:                          0
2025-04-24 00:16:26 - Previously run:               6
2025-04-24 00:16:26 - Filtered out:                 0
2025-04-24 00:16:26 - -------------------------------
2025-04-24 00:16:26 - Total change sets:            6
2025-04-24 00:16:26 - Update summary generated
2025-04-24 00:16:26 - Command execution complete
2025-04-24 00:16:26 - HHH000204: Processing PersistenceUnitInfo [name: default]
2025-04-24 00:16:27 - HHH000412: Hibernate ORM core version 6.6.11.Final
2025-04-24 00:16:27 - HHH000026: Second-level cache disabled
2025-04-24 00:16:27 - No LoadTimeWeaver setup: ignoring JPA class transformer
2025-04-24 00:16:27 - HHH000511: The 5.5.5 version for [org.hibernate.dialect.MySQLDialect] is no longer supported, hence certain features may not work properly. The minimum supported version is 8.0.0. Check the community dialects project for available legacy versions.
2025-04-24 00:16:27 - HHH10001005: Database info:
	Database JDBC URL [Connecting through datasource 'HikariDataSource (HikariPool-1)']
	Database driver: undefined/unknown
	Database version: 5.5.5
	Autocommit mode: undefined/unknown
	Isolation level: undefined/unknown
	Minimum pool size: undefined/unknown
	Maximum pool size: undefined/unknown
2025-04-24 00:16:28 - HHH000489: No JTA platform available (set 'hibernate.transaction.jta.platform' to enable JTA platform integration)
2025-04-24 00:16:28 - Initialized JPA EntityManagerFactory for persistence unit 'default'
2025-04-24 00:16:28 - Global AuthenticationManager configured with UserDetailsService bean with name userDetailsServiceImpl
2025-04-24 00:16:29 - 7 mappings in 'requestMappingHandlerMapping'
2025-04-24 00:16:29 - Default resource handling disabled
2025-04-24 00:16:29 - Exposing 1 endpoint beneath base path '/actuator'
2025-04-24 00:16:29 - ControllerAdvice beans: 0 @ModelAttribute, 0 @InitBinder, 1 RequestBodyAdvice, 1 ResponseBodyAdvice
2025-04-24 00:16:30 - ControllerAdvice beans: 1 @ExceptionHandler, 1 ResponseBodyAdvice
2025-04-24 00:16:30 - Started JwtTokenProviderTest in 7.445 seconds (process running for 8.664)
2025-04-24 00:16:30 - ==== App Started ====
2025-04-24 00:16:30 - Java Version: 21.0.6
2025-04-24 00:16:30 - Current Time: 2025-04-24T00:16:30.427157500
2025-04-24 00:16:30 - OS: Windows 10
2025-04-24 00:16:30 - OS Version: 10.0
2025-04-24 00:16:30 - Architecture: amd64
2025-04-24 00:16:30 - JVM Max Memory: 4086 MB
2025-04-24 00:16:30 - JVM Available Processors: 8
2025-04-24 00:16:30 - Spring Boot Version: 3.4.4
2025-04-24 00:16:30 - Active Profiles: dev
2025-04-24 00:16:30 - ==== App Ready! ====
2025-04-24 00:16:31 - Could not detect default configuration classes for test class [com.project.spring_project.SpringProjectApplicationTests]: SpringProjectApplicationTests does not declare any static, non-private, non-final, nested classes annotated with @Configuration.
2025-04-24 00:16:31 - Found @SpringBootConfiguration com.project.spring_project.SpringProjectApplication for test class com.project.spring_project.SpringProjectApplicationTests
2025-04-24 00:16:31 - Restart disabled due to context in which it is running
2025-04-24 00:16:31 - Starting SpringProjectApplicationTests using Java 21.0.6 with PID 4072 (started by OmarU in C:\GitHub\springboot-essentials-template)
2025-04-24 00:16:31 - The following 1 profile is active: "dev"
2025-04-24 00:16:31 - Refreshing org.springframework.web.context.support.GenericWebApplicationContext@bce34d0
2025-04-24 00:16:31 - Bootstrapping Spring Data JPA repositories in DEFAULT mode.
2025-04-24 00:16:31 - Finished Spring Data repository scanning in 19 ms. Found 1 JPA repository interface.
2025-04-24 00:16:31 - HikariPool-2 - Starting...
2025-04-24 00:16:31 - HikariPool-2 - Added connection com.mysql.cj.jdbc.ConnectionImpl@329e9ff4
2025-04-24 00:16:31 - HikariPool-2 - Start completed.
2025-04-24 00:16:32 - Reading from mydatabase.databasechangelog
2025-04-24 00:16:32 - Database is up to date, no changesets to execute
2025-04-24 00:16:32 - UPDATE SUMMARY
2025-04-24 00:16:32 - Run:                          0
2025-04-24 00:16:32 - Previously run:               6
2025-04-24 00:16:32 - Filtered out:                 0
2025-04-24 00:16:32 - -------------------------------
2025-04-24 00:16:32 - Total change sets:            6
2025-04-24 00:16:32 - Update summary generated
2025-04-24 00:16:32 - Command execution complete
2025-04-24 00:16:32 - HHH000204: Processing PersistenceUnitInfo [name: default]
2025-04-24 00:16:32 - HHH000026: Second-level cache disabled
2025-04-24 00:16:32 - No LoadTimeWeaver setup: ignoring JPA class transformer
2025-04-24 00:16:32 - HHH000511: The 5.5.5 version for [org.hibernate.dialect.MySQLDialect] is no longer supported, hence certain features may not work properly. The minimum supported version is 8.0.0. Check the community dialects project for available legacy versions.
2025-04-24 00:16:32 - HHH10001005: Database info:
	Database JDBC URL [Connecting through datasource 'HikariDataSource (HikariPool-2)']
	Database driver: undefined/unknown
	Database version: 5.5.5
	Autocommit mode: undefined/unknown
	Isolation level: undefined/unknown
	Minimum pool size: undefined/unknown
	Maximum pool size: undefined/unknown
2025-04-24 00:16:32 - HHH000489: No JTA platform available (set 'hibernate.transaction.jta.platform' to enable JTA platform integration)
2025-04-24 00:16:32 - Initialized JPA EntityManagerFactory for persistence unit 'default'
2025-04-24 00:16:32 - Global AuthenticationManager configured with UserDetailsService bean with name userDetailsServiceImpl
2025-04-24 00:16:32 - 7 mappings in 'requestMappingHandlerMapping'
2025-04-24 00:16:32 - Default resource handling disabled
2025-04-24 00:16:32 - Exposing 1 endpoint beneath base path '/actuator'
2025-04-24 00:16:33 - ControllerAdvice beans: 0 @ModelAttribute, 0 @InitBinder, 1 RequestBodyAdvice, 1 ResponseBodyAdvice
2025-04-24 00:16:33 - ControllerAdvice beans: 1 @ExceptionHandler, 1 ResponseBodyAdvice
2025-04-24 00:16:33 - Started SpringProjectApplicationTests in 2.239 seconds (process running for 11.737)
2025-04-24 00:16:33 - ==== App Started ====
2025-04-24 00:16:33 - Java Version: 21.0.6
2025-04-24 00:16:33 - Current Time: 2025-04-24T00:16:33.439110200
2025-04-24 00:16:33 - OS: Windows 10
2025-04-24 00:16:33 - OS Version: 10.0
2025-04-24 00:16:33 - Architecture: amd64
2025-04-24 00:16:33 - JVM Max Memory: 4086 MB
2025-04-24 00:16:33 - JVM Available Processors: 8
2025-04-24 00:16:33 - Spring Boot Version: 3.4.4
2025-04-24 00:16:33 - Active Profiles: dev
2025-04-24 00:16:33 - ==== App Ready! ====
2025-04-24 00:16:33 - Closing org.springframework.web.context.support.GenericWebApplicationContext@4784013e, started on Thu Apr 24 00:16:23 CST 2025
2025-04-24 00:16:33 - Closing JPA EntityManagerFactory for persistence unit 'default'
2025-04-24 00:16:33 - HikariPool-1 - Shutdown initiated...
2025-04-24 00:16:33 - HikariPool-1 - Shutdown completed.
2025-04-24 00:16:33 - Closing org.springframework.web.context.support.GenericWebApplicationContext@bce34d0, started on Thu Apr 24 00:16:31 CST 2025
2025-04-24 00:16:33 - Closing JPA EntityManagerFactory for persistence unit 'default'
2025-04-24 00:16:33 - HikariPool-2 - Shutdown initiated...
2025-04-24 00:16:33 - HikariPool-2 - Shutdown completed.
2025-04-24 00:18:42 - HV000001: Hibernate Validator 8.0.2.Final
2025-04-24 00:18:42 - Starting JwtTokenProviderTest using Java 21.0.6 with PID 12472 (started by OmarU in C:\GitHub\springboot-essentials-template)
2025-04-24 00:18:42 - The following 1 profile is active: "dev"
2025-04-24 00:18:42 - Refreshing org.springframework.web.context.support.GenericWebApplicationContext@6f952d6c
2025-04-24 00:18:44 - Bootstrapping Spring Data JPA repositories in DEFAULT mode.
2025-04-24 00:18:44 - Finished Spring Data repository scanning in 67 ms. Found 1 JPA repository interface.
2025-04-24 00:18:44 - HikariPool-1 - Starting...
2025-04-24 00:18:45 - HikariPool-1 - Added connection com.mysql.cj.jdbc.ConnectionImpl@70c56434
2025-04-24 00:18:45 - HikariPool-1 - Start completed.
2025-04-24 00:18:46 - Reading from mydatabase.databasechangelog
2025-04-24 00:18:46 - Database is up to date, no changesets to execute
2025-04-24 00:18:46 - Reading from mydatabase.databasechangelog
2025-04-24 00:18:46 - UPDATE SUMMARY
2025-04-24 00:18:46 - Run:                          0
2025-04-24 00:18:46 - Previously run:               6
2025-04-24 00:18:46 - Filtered out:                 0
2025-04-24 00:18:46 - -------------------------------
2025-04-24 00:18:46 - Total change sets:            6
2025-04-24 00:18:46 - Update summary generated
2025-04-24 00:18:46 - Command execution complete
2025-04-24 00:18:46 - HHH000204: Processing PersistenceUnitInfo [name: default]
2025-04-24 00:18:46 - HHH000412: Hibernate ORM core version 6.6.11.Final
2025-04-24 00:18:46 - HHH000026: Second-level cache disabled
2025-04-24 00:18:46 - No LoadTimeWeaver setup: ignoring JPA class transformer
2025-04-24 00:18:46 - HHH000511: The 5.5.5 version for [org.hibernate.dialect.MySQLDialect] is no longer supported, hence certain features may not work properly. The minimum supported version is 8.0.0. Check the community dialects project for available legacy versions.
2025-04-24 00:18:46 - HHH10001005: Database info:
	Database JDBC URL [Connecting through datasource 'HikariDataSource (HikariPool-1)']
	Database driver: undefined/unknown
	Database version: 5.5.5
	Autocommit mode: undefined/unknown
	Isolation level: undefined/unknown
	Minimum pool size: undefined/unknown
	Maximum pool size: undefined/unknown
2025-04-24 00:18:47 - HHH000489: No JTA platform available (set 'hibernate.transaction.jta.platform' to enable JTA platform integration)
2025-04-24 00:18:47 - Initialized JPA EntityManagerFactory for persistence unit 'default'
2025-04-24 00:18:48 - Global AuthenticationManager configured with UserDetailsService bean with name userDetailsServiceImpl
2025-04-24 00:18:48 - 7 mappings in 'requestMappingHandlerMapping'
2025-04-24 00:18:48 - Default resource handling disabled
2025-04-24 00:18:48 - Exposing 1 endpoint beneath base path '/actuator'
2025-04-24 00:18:49 - ControllerAdvice beans: 0 @ModelAttribute, 0 @InitBinder, 1 RequestBodyAdvice, 1 ResponseBodyAdvice
2025-04-24 00:18:49 - ControllerAdvice beans: 1 @ExceptionHandler, 1 ResponseBodyAdvice
2025-04-24 00:18:49 - Started JwtTokenProviderTest in 7.292 seconds (process running for 8.622)
2025-04-24 00:18:49 - ==== App Started ====
2025-04-24 00:18:49 - Java Version: 21.0.6
2025-04-24 00:18:49 - Current Time: 2025-04-24T00:18:49.831798
2025-04-24 00:18:49 - OS: Windows 10
2025-04-24 00:18:49 - OS Version: 10.0
2025-04-24 00:18:49 - Architecture: amd64
2025-04-24 00:18:49 - JVM Max Memory: 4086 MB
2025-04-24 00:18:49 - JVM Available Processors: 8
2025-04-24 00:18:49 - Spring Boot Version: 3.4.4
2025-04-24 00:18:49 - Active Profiles: dev
2025-04-24 00:18:49 - ==== App Ready! ====
2025-04-24 00:18:50 - Could not detect default configuration classes for test class [com.project.spring_project.SpringProjectApplicationTests]: SpringProjectApplicationTests does not declare any static, non-private, non-final, nested classes annotated with @Configuration.
2025-04-24 00:18:50 - Found @SpringBootConfiguration com.project.spring_project.SpringProjectApplication for test class com.project.spring_project.SpringProjectApplicationTests
2025-04-24 00:18:50 - Restart disabled due to context in which it is running
2025-04-24 00:18:50 - Starting SpringProjectApplicationTests using Java 21.0.6 with PID 12472 (started by OmarU in C:\GitHub\springboot-essentials-template)
2025-04-24 00:18:50 - The following 1 profile is active: "dev"
2025-04-24 00:18:50 - Refreshing org.springframework.web.context.support.GenericWebApplicationContext@22881b1c
2025-04-24 00:18:51 - Bootstrapping Spring Data JPA repositories in DEFAULT mode.
2025-04-24 00:18:51 - Finished Spring Data repository scanning in 15 ms. Found 1 JPA repository interface.
2025-04-24 00:18:51 - HikariPool-2 - Starting...
2025-04-24 00:18:51 - HikariPool-2 - Added connection com.mysql.cj.jdbc.ConnectionImpl@4ef06fcb
2025-04-24 00:18:51 - HikariPool-2 - Start completed.
2025-04-24 00:18:51 - Reading from mydatabase.databasechangelog
2025-04-24 00:18:51 - Database is up to date, no changesets to execute
2025-04-24 00:18:51 - UPDATE SUMMARY
2025-04-24 00:18:51 - Run:                          0
2025-04-24 00:18:51 - Previously run:               6
2025-04-24 00:18:51 - Filtered out:                 0
2025-04-24 00:18:51 - -------------------------------
2025-04-24 00:18:51 - Total change sets:            6
2025-04-24 00:18:51 - Update summary generated
2025-04-24 00:18:51 - Command execution complete
2025-04-24 00:18:51 - HHH000204: Processing PersistenceUnitInfo [name: default]
2025-04-24 00:18:51 - HHH000026: Second-level cache disabled
2025-04-24 00:18:51 - No LoadTimeWeaver setup: ignoring JPA class transformer
2025-04-24 00:18:51 - HHH000511: The 5.5.5 version for [org.hibernate.dialect.MySQLDialect] is no longer supported, hence certain features may not work properly. The minimum supported version is 8.0.0. Check the community dialects project for available legacy versions.
2025-04-24 00:18:51 - HHH10001005: Database info:
	Database JDBC URL [Connecting through datasource 'HikariDataSource (HikariPool-2)']
	Database driver: undefined/unknown
	Database version: 5.5.5
	Autocommit mode: undefined/unknown
	Isolation level: undefined/unknown
	Minimum pool size: undefined/unknown
	Maximum pool size: undefined/unknown
2025-04-24 00:18:51 - HHH000489: No JTA platform available (set 'hibernate.transaction.jta.platform' to enable JTA platform integration)
2025-04-24 00:18:51 - Initialized JPA EntityManagerFactory for persistence unit 'default'
2025-04-24 00:18:51 - Global AuthenticationManager configured with UserDetailsService bean with name userDetailsServiceImpl
2025-04-24 00:18:51 - 7 mappings in 'requestMappingHandlerMapping'
2025-04-24 00:18:52 - Default resource handling disabled
2025-04-24 00:18:52 - Exposing 1 endpoint beneath base path '/actuator'
2025-04-24 00:18:52 - ControllerAdvice beans: 0 @ModelAttribute, 0 @InitBinder, 1 RequestBodyAdvice, 1 ResponseBodyAdvice
2025-04-24 00:18:52 - ControllerAdvice beans: 1 @ExceptionHandler, 1 ResponseBodyAdvice
2025-04-24 00:18:52 - Started SpringProjectApplicationTests in 2.004 seconds (process running for 11.486)
2025-04-24 00:18:52 - ==== App Started ====
2025-04-24 00:18:52 - Java Version: 21.0.6
2025-04-24 00:18:52 - Current Time: 2025-04-24T00:18:52.614866600
2025-04-24 00:18:52 - OS: Windows 10
2025-04-24 00:18:52 - OS Version: 10.0
2025-04-24 00:18:52 - Architecture: amd64
2025-04-24 00:18:52 - JVM Max Memory: 4086 MB
2025-04-24 00:18:52 - JVM Available Processors: 8
2025-04-24 00:18:52 - Spring Boot Version: 3.4.4
2025-04-24 00:18:52 - Active Profiles: dev
2025-04-24 00:18:52 - ==== App Ready! ====
2025-04-24 00:18:52 - Closing org.springframework.web.context.support.GenericWebApplicationContext@6f952d6c, started on Thu Apr 24 00:18:42 CST 2025
2025-04-24 00:18:52 - Closing JPA EntityManagerFactory for persistence unit 'default'
2025-04-24 00:18:52 - HikariPool-1 - Shutdown initiated...
2025-04-24 00:18:52 - HikariPool-1 - Shutdown completed.
2025-04-24 00:18:52 - Closing org.springframework.web.context.support.GenericWebApplicationContext@22881b1c, started on Thu Apr 24 00:18:50 CST 2025
2025-04-24 00:18:52 - Closing JPA EntityManagerFactory for persistence unit 'default'
2025-04-24 00:18:52 - HikariPool-2 - Shutdown initiated...
2025-04-24 00:18:52 - HikariPool-2 - Shutdown completed.
2025-04-24 00:19:09 - HV000001: Hibernate Validator 8.0.2.Final
2025-04-24 00:19:09 - Starting JwtTokenProviderTest using Java 21.0.6 with PID 12132 (started by OmarU in C:\GitHub\springboot-essentials-template)
2025-04-24 00:19:09 - The following 1 profile is active: "dev"
2025-04-24 00:19:09 - Refreshing org.springframework.web.context.support.GenericWebApplicationContext@6f952d6c
2025-04-24 00:19:10 - Bootstrapping Spring Data JPA repositories in DEFAULT mode.
2025-04-24 00:19:10 - Finished Spring Data repository scanning in 78 ms. Found 1 JPA repository interface.
2025-04-24 00:19:11 - HikariPool-1 - Starting...
2025-04-24 00:19:11 - HikariPool-1 - Added connection com.mysql.cj.jdbc.ConnectionImpl@6b9a1205
2025-04-24 00:19:11 - HikariPool-1 - Start completed.
2025-04-24 00:19:12 - Reading from mydatabase.databasechangelog
2025-04-24 00:19:12 - Database is up to date, no changesets to execute
2025-04-24 00:19:12 - Reading from mydatabase.databasechangelog
2025-04-24 00:19:12 - UPDATE SUMMARY
2025-04-24 00:19:12 - Run:                          0
2025-04-24 00:19:12 - Previously run:               6
2025-04-24 00:19:12 - Filtered out:                 0
2025-04-24 00:19:12 - -------------------------------
2025-04-24 00:19:12 - Total change sets:            6
2025-04-24 00:19:12 - Update summary generated
2025-04-24 00:19:12 - Command execution complete
2025-04-24 00:19:12 - HHH000204: Processing PersistenceUnitInfo [name: default]
2025-04-24 00:19:12 - HHH000412: Hibernate ORM core version 6.6.11.Final
2025-04-24 00:19:12 - HHH000026: Second-level cache disabled
2025-04-24 00:19:13 - No LoadTimeWeaver setup: ignoring JPA class transformer
2025-04-24 00:19:13 - HHH000511: The 5.5.5 version for [org.hibernate.dialect.MySQLDialect] is no longer supported, hence certain features may not work properly. The minimum supported version is 8.0.0. Check the community dialects project for available legacy versions.
2025-04-24 00:19:13 - HHH10001005: Database info:
	Database JDBC URL [Connecting through datasource 'HikariDataSource (HikariPool-1)']
	Database driver: undefined/unknown
	Database version: 5.5.5
	Autocommit mode: undefined/unknown
	Isolation level: undefined/unknown
	Minimum pool size: undefined/unknown
	Maximum pool size: undefined/unknown
2025-04-24 00:19:14 - HHH000489: No JTA platform available (set 'hibernate.transaction.jta.platform' to enable JTA platform integration)
2025-04-24 00:19:14 - Initialized JPA EntityManagerFactory for persistence unit 'default'
2025-04-24 00:19:14 - Global AuthenticationManager configured with UserDetailsService bean with name userDetailsServiceImpl
2025-04-24 00:19:15 - 7 mappings in 'requestMappingHandlerMapping'
2025-04-24 00:19:15 - Default resource handling disabled
2025-04-24 00:19:15 - Exposing 1 endpoint beneath base path '/actuator'
2025-04-24 00:19:16 - ControllerAdvice beans: 0 @ModelAttribute, 0 @InitBinder, 1 RequestBodyAdvice, 1 ResponseBodyAdvice
2025-04-24 00:19:16 - ControllerAdvice beans: 1 @ExceptionHandler, 1 ResponseBodyAdvice
2025-04-24 00:19:16 - Started JwtTokenProviderTest in 8.084 seconds (process running for 9.153)
2025-04-24 00:19:16 - ==== App Started ====
2025-04-24 00:19:16 - Java Version: 21.0.6
2025-04-24 00:19:16 - Current Time: 2025-04-24T00:19:16.899751500
2025-04-24 00:19:16 - OS: Windows 10
2025-04-24 00:19:16 - OS Version: 10.0
2025-04-24 00:19:16 - Architecture: amd64
2025-04-24 00:19:16 - JVM Max Memory: 4086 MB
2025-04-24 00:19:16 - JVM Available Processors: 8
2025-04-24 00:19:16 - Spring Boot Version: 3.4.4
2025-04-24 00:19:16 - Active Profiles: dev
2025-04-24 00:19:16 - ==== App Ready! ====
2025-04-24 00:19:17 - Could not detect default configuration classes for test class [com.project.spring_project.SpringProjectApplicationTests]: SpringProjectApplicationTests does not declare any static, non-private, non-final, nested classes annotated with @Configuration.
2025-04-24 00:19:17 - Found @SpringBootConfiguration com.project.spring_project.SpringProjectApplication for test class com.project.spring_project.SpringProjectApplicationTests
2025-04-24 00:19:17 - Restart disabled due to context in which it is running
2025-04-24 00:19:17 - Starting SpringProjectApplicationTests using Java 21.0.6 with PID 12132 (started by OmarU in C:\GitHub\springboot-essentials-template)
2025-04-24 00:19:17 - The following 1 profile is active: "dev"
2025-04-24 00:19:17 - Refreshing org.springframework.web.context.support.GenericWebApplicationContext@4cf2b47a
2025-04-24 00:19:18 - Bootstrapping Spring Data JPA repositories in DEFAULT mode.
2025-04-24 00:19:18 - Finished Spring Data repository scanning in 18 ms. Found 1 JPA repository interface.
2025-04-24 00:19:18 - HikariPool-2 - Starting...
2025-04-24 00:19:18 - HikariPool-2 - Added connection com.mysql.cj.jdbc.ConnectionImpl@2ff84e42
2025-04-24 00:19:18 - HikariPool-2 - Start completed.
2025-04-24 00:19:18 - Reading from mydatabase.databasechangelog
2025-04-24 00:19:18 - Database is up to date, no changesets to execute
2025-04-24 00:19:18 - UPDATE SUMMARY
2025-04-24 00:19:18 - Run:                          0
2025-04-24 00:19:18 - Previously run:               6
2025-04-24 00:19:18 - Filtered out:                 0
2025-04-24 00:19:18 - -------------------------------
2025-04-24 00:19:18 - Total change sets:            6
2025-04-24 00:19:18 - Update summary generated
2025-04-24 00:19:18 - Command execution complete
2025-04-24 00:19:18 - HHH000204: Processing PersistenceUnitInfo [name: default]
2025-04-24 00:19:18 - HHH000026: Second-level cache disabled
2025-04-24 00:19:18 - No LoadTimeWeaver setup: ignoring JPA class transformer
2025-04-24 00:19:18 - HHH000511: The 5.5.5 version for [org.hibernate.dialect.MySQLDialect] is no longer supported, hence certain features may not work properly. The minimum supported version is 8.0.0. Check the community dialects project for available legacy versions.
2025-04-24 00:19:18 - HHH10001005: Database info:
	Database JDBC URL [Connecting through datasource 'HikariDataSource (HikariPool-2)']
	Database driver: undefined/unknown
	Database version: 5.5.5
	Autocommit mode: undefined/unknown
	Isolation level: undefined/unknown
	Minimum pool size: undefined/unknown
	Maximum pool size: undefined/unknown
2025-04-24 00:19:19 - HHH000489: No JTA platform available (set 'hibernate.transaction.jta.platform' to enable JTA platform integration)
2025-04-24 00:19:19 - Initialized JPA EntityManagerFactory for persistence unit 'default'
2025-04-24 00:19:19 - Global AuthenticationManager configured with UserDetailsService bean with name userDetailsServiceImpl
2025-04-24 00:19:19 - 7 mappings in 'requestMappingHandlerMapping'
2025-04-24 00:19:19 - Default resource handling disabled
2025-04-24 00:19:19 - Exposing 1 endpoint beneath base path '/actuator'
2025-04-24 00:19:19 - ControllerAdvice beans: 0 @ModelAttribute, 0 @InitBinder, 1 RequestBodyAdvice, 1 ResponseBodyAdvice
2025-04-24 00:19:19 - ControllerAdvice beans: 1 @ExceptionHandler, 1 ResponseBodyAdvice
2025-04-24 00:19:19 - Started SpringProjectApplicationTests in 2.16 seconds (process running for 12.263)
2025-04-24 00:19:19 - ==== App Started ====
2025-04-24 00:19:19 - Java Version: 21.0.6
2025-04-24 00:19:19 - Current Time: 2025-04-24T00:19:19.934206800
2025-04-24 00:19:19 - OS: Windows 10
2025-04-24 00:19:19 - OS Version: 10.0
2025-04-24 00:19:19 - Architecture: amd64
2025-04-24 00:19:19 - JVM Max Memory: 4086 MB
2025-04-24 00:19:19 - JVM Available Processors: 8
2025-04-24 00:19:19 - Spring Boot Version: 3.4.4
2025-04-24 00:19:19 - Active Profiles: dev
2025-04-24 00:19:19 - ==== App Ready! ====
2025-04-24 00:19:19 - Closing org.springframework.web.context.support.GenericWebApplicationContext@6f952d6c, started on Thu Apr 24 00:19:09 CST 2025
2025-04-24 00:19:19 - Closing JPA EntityManagerFactory for persistence unit 'default'
2025-04-24 00:19:19 - HikariPool-1 - Shutdown initiated...
2025-04-24 00:19:19 - HikariPool-1 - Shutdown completed.
2025-04-24 00:19:19 - Closing org.springframework.web.context.support.GenericWebApplicationContext@4cf2b47a, started on Thu Apr 24 00:19:17 CST 2025
2025-04-24 00:19:19 - Closing JPA EntityManagerFactory for persistence unit 'default'
2025-04-24 00:19:19 - HikariPool-2 - Shutdown initiated...
2025-04-24 00:19:19 - HikariPool-2 - Shutdown completed.
2025-04-24 00:25:12 - HV000001: Hibernate Validator 8.0.2.Final
2025-04-24 00:25:12 - Starting AuthControllerTest using Java 21.0.6 with PID 12748 (started by OmarU in C:\GitHub\springboot-essentials-template)
2025-04-24 00:25:12 - The following 1 profile is active: "dev"
2025-04-24 00:25:12 - Refreshing org.springframework.web.context.support.GenericWebApplicationContext@57540fd0
2025-04-24 00:25:13 - Bootstrapping Spring Data JPA repositories in DEFAULT mode.
2025-04-24 00:25:13 - Finished Spring Data repository scanning in 60 ms. Found 1 JPA repository interface.
2025-04-24 00:25:14 - HikariPool-1 - Starting...
2025-04-24 00:25:14 - HikariPool-1 - Added connection com.mysql.cj.jdbc.ConnectionImpl@1533338c
2025-04-24 00:25:14 - HikariPool-1 - Start completed.
2025-04-24 00:25:15 - Reading from mydatabase.databasechangelog
2025-04-24 00:25:15 - Database is up to date, no changesets to execute
2025-04-24 00:25:15 - Reading from mydatabase.databasechangelog
2025-04-24 00:25:15 - UPDATE SUMMARY
2025-04-24 00:25:15 - Run:                          0
2025-04-24 00:25:15 - Previously run:               6
2025-04-24 00:25:15 - Filtered out:                 0
2025-04-24 00:25:15 - -------------------------------
2025-04-24 00:25:15 - Total change sets:            6
2025-04-24 00:25:15 - Update summary generated
2025-04-24 00:25:15 - Command execution complete
2025-04-24 00:25:15 - HHH000204: Processing PersistenceUnitInfo [name: default]
2025-04-24 00:25:15 - HHH000412: Hibernate ORM core version 6.6.11.Final
2025-04-24 00:25:15 - HHH000026: Second-level cache disabled
2025-04-24 00:25:16 - No LoadTimeWeaver setup: ignoring JPA class transformer
2025-04-24 00:25:16 - HHH000511: The 5.5.5 version for [org.hibernate.dialect.MySQLDialect] is no longer supported, hence certain features may not work properly. The minimum supported version is 8.0.0. Check the community dialects project for available legacy versions.
2025-04-24 00:25:16 - HHH10001005: Database info:
	Database JDBC URL [Connecting through datasource 'HikariDataSource (HikariPool-1)']
	Database driver: undefined/unknown
	Database version: 5.5.5
	Autocommit mode: undefined/unknown
	Isolation level: undefined/unknown
	Minimum pool size: undefined/unknown
	Maximum pool size: undefined/unknown
2025-04-24 00:25:16 - HHH000489: No JTA platform available (set 'hibernate.transaction.jta.platform' to enable JTA platform integration)
2025-04-24 00:25:16 - Initialized JPA EntityManagerFactory for persistence unit 'default'
2025-04-24 00:25:17 - Global AuthenticationManager configured with UserDetailsService bean with name userDetailsServiceImpl
2025-04-24 00:25:17 - 7 mappings in 'requestMappingHandlerMapping'
2025-04-24 00:25:17 - Default resource handling disabled
2025-04-24 00:25:18 - Exposing 1 endpoint beneath base path '/actuator'
2025-04-24 00:25:18 - ControllerAdvice beans: 0 @ModelAttribute, 0 @InitBinder, 1 RequestBodyAdvice, 1 ResponseBodyAdvice
2025-04-24 00:25:18 - ControllerAdvice beans: 1 @ExceptionHandler, 1 ResponseBodyAdvice
2025-04-24 00:25:18 - Mapping filters: webMvcObservationFilter urls=[/*] order=-2147483647, springSecurityFilterChain urls=[/*] order=-100, characterEncodingFilter urls=[/*] order=-2147483648, formContentFilter urls=[/*] order=-9900, requestContextFilter urls=[/*] order=-105, jwtAuthenticationFilter urls=[/*] order=2147483647
2025-04-24 00:25:18 - Mapping servlets: 
2025-04-24 00:25:19 - Filter 'webMvcObservationFilter' configured for use
2025-04-24 00:25:19 - Initializing Spring TestDispatcherServlet ''
2025-04-24 00:25:19 - Initializing Servlet ''
2025-04-24 00:25:19 - Completed initialization in 1 ms
2025-04-24 00:25:19 - Started AuthControllerTest in 7.461 seconds (process running for 8.581)
2025-04-24 00:25:19 - ==== App Started ====
2025-04-24 00:25:19 - Java Version: 21.0.6
2025-04-24 00:25:19 - Current Time: 2025-04-24T00:25:19.180138600
2025-04-24 00:25:19 - OS: Windows 10
2025-04-24 00:25:19 - OS Version: 10.0
2025-04-24 00:25:19 - Architecture: amd64
2025-04-24 00:25:19 - JVM Max Memory: 4086 MB
2025-04-24 00:25:19 - JVM Available Processors: 8
2025-04-24 00:25:19 - Spring Boot Version: 3.4.4
2025-04-24 00:25:19 - Active Profiles: dev
2025-04-24 00:25:19 - ==== App Ready! ====
2025-04-24 00:25:19 - Mapped to com.project.spring_project.controller.TestController#publicEndpoint()
2025-04-24 00:25:19 - Using 'text/plain', given [*/*] and supported [text/plain, */*, application/json, application/*+json]
2025-04-24 00:25:19 - Writing ["This is a public endpoint. Everyone can see this."]
2025-04-24 00:25:19 - Mapped to com.project.spring_project.controller.TestController#adminEndpoint()
2025-04-24 00:25:19 - Using @ExceptionHandler com.project.spring_project.exception.GlobalExceptionHandler#handleAccessDenied(AccessDeniedException)
2025-04-24 00:25:19 - AccessDeniedException: Access Denied
2025-04-24 00:25:19 - Using 'application/json', given [*/*] and supported [application/json, application/*+json]
2025-04-24 00:25:19 - Writing [{error=Forbidden, message=You do not have permission to access this resource., timestamp=2025-04-24T (truncated)...]
2025-04-24 00:25:19 - Resolved [org.springframework.security.authorization.AuthorizationDeniedException: Access Denied]
2025-04-24 00:25:19 - Mapped to com.project.spring_project.controller.AuthController#login(AuthRequest)
2025-04-24 00:25:19 - Read "application/json;charset=UTF-8" to [com.project.spring_project.payload.request.AuthRequest@11aeb673]
2025-04-24 00:25:20 - Using 'application/json', given [*/*] and supported [application/json, application/*+json]
2025-04-24 00:25:20 - Writing [com.project.spring_project.payload.response.AuthResponse@574985d8]
2025-04-24 00:25:20 - Could not detect default configuration classes for test class [com.project.spring_project.JwtTokenProviderTest]: JwtTokenProviderTest does not declare any static, non-private, non-final, nested classes annotated with @Configuration.
2025-04-24 00:25:20 - Found @SpringBootConfiguration com.project.spring_project.SpringProjectApplication for test class com.project.spring_project.JwtTokenProviderTest
2025-04-24 00:25:20 - Restart disabled due to context in which it is running
2025-04-24 00:25:20 - Starting JwtTokenProviderTest using Java 21.0.6 with PID 12748 (started by OmarU in C:\GitHub\springboot-essentials-template)
2025-04-24 00:25:20 - The following 1 profile is active: "dev"
2025-04-24 00:25:20 - Refreshing org.springframework.web.context.support.GenericWebApplicationContext@5213a8f7
2025-04-24 00:25:20 - Bootstrapping Spring Data JPA repositories in DEFAULT mode.
2025-04-24 00:25:20 - Finished Spring Data repository scanning in 14 ms. Found 1 JPA repository interface.
2025-04-24 00:25:20 - HikariPool-2 - Starting...
2025-04-24 00:25:20 - HikariPool-2 - Added connection com.mysql.cj.jdbc.ConnectionImpl@34c10504
2025-04-24 00:25:20 - HikariPool-2 - Start completed.
2025-04-24 00:25:20 - Reading from mydatabase.databasechangelog
2025-04-24 00:25:20 - Database is up to date, no changesets to execute
2025-04-24 00:25:20 - UPDATE SUMMARY
2025-04-24 00:25:20 - Run:                          0
2025-04-24 00:25:20 - Previously run:               6
2025-04-24 00:25:20 - Filtered out:                 0
2025-04-24 00:25:20 - -------------------------------
2025-04-24 00:25:20 - Total change sets:            6
2025-04-24 00:25:20 - Update summary generated
2025-04-24 00:25:20 - Command execution complete
2025-04-24 00:25:20 - HHH000204: Processing PersistenceUnitInfo [name: default]
2025-04-24 00:25:20 - HHH000026: Second-level cache disabled
2025-04-24 00:25:21 - No LoadTimeWeaver setup: ignoring JPA class transformer
2025-04-24 00:25:21 - HHH000511: The 5.5.5 version for [org.hibernate.dialect.MySQLDialect] is no longer supported, hence certain features may not work properly. The minimum supported version is 8.0.0. Check the community dialects project for available legacy versions.
2025-04-24 00:25:21 - HHH10001005: Database info:
	Database JDBC URL [Connecting through datasource 'HikariDataSource (HikariPool-2)']
	Database driver: undefined/unknown
	Database version: 5.5.5
	Autocommit mode: undefined/unknown
	Isolation level: undefined/unknown
	Minimum pool size: undefined/unknown
	Maximum pool size: undefined/unknown
2025-04-24 00:25:21 - HHH000489: No JTA platform available (set 'hibernate.transaction.jta.platform' to enable JTA platform integration)
2025-04-24 00:25:21 - Initialized JPA EntityManagerFactory for persistence unit 'default'
2025-04-24 00:25:21 - Global AuthenticationManager configured with UserDetailsService bean with name userDetailsServiceImpl
2025-04-24 00:25:21 - 7 mappings in 'requestMappingHandlerMapping'
2025-04-24 00:25:21 - Default resource handling disabled
2025-04-24 00:25:21 - Exposing 1 endpoint beneath base path '/actuator'
2025-04-24 00:25:21 - ControllerAdvice beans: 0 @ModelAttribute, 0 @InitBinder, 1 RequestBodyAdvice, 1 ResponseBodyAdvice
2025-04-24 00:25:21 - ControllerAdvice beans: 1 @ExceptionHandler, 1 ResponseBodyAdvice
2025-04-24 00:25:21 - Started JwtTokenProviderTest in 1.546 seconds (process running for 11.321)
2025-04-24 00:25:21 - ==== App Started ====
2025-04-24 00:25:21 - Java Version: 21.0.6
2025-04-24 00:25:21 - Current Time: 2025-04-24T00:25:21.850235100
2025-04-24 00:25:21 - OS: Windows 10
2025-04-24 00:25:21 - OS Version: 10.0
2025-04-24 00:25:21 - Architecture: amd64
2025-04-24 00:25:21 - JVM Max Memory: 4086 MB
2025-04-24 00:25:21 - JVM Available Processors: 8
2025-04-24 00:25:21 - Spring Boot Version: 3.4.4
2025-04-24 00:25:21 - Active Profiles: dev
2025-04-24 00:25:21 - ==== App Ready! ====
2025-04-24 00:25:22 - Could not detect default configuration classes for test class [com.project.spring_project.SpringProjectApplicationTests]: SpringProjectApplicationTests does not declare any static, non-private, non-final, nested classes annotated with @Configuration.
2025-04-24 00:25:22 - Found @SpringBootConfiguration com.project.spring_project.SpringProjectApplication for test class com.project.spring_project.SpringProjectApplicationTests
2025-04-24 00:25:22 - Restart disabled due to context in which it is running
2025-04-24 00:25:22 - Starting SpringProjectApplicationTests using Java 21.0.6 with PID 12748 (started by OmarU in C:\GitHub\springboot-essentials-template)
2025-04-24 00:25:22 - The following 1 profile is active: "dev"
2025-04-24 00:25:22 - Refreshing org.springframework.web.context.support.GenericWebApplicationContext@605694dc
2025-04-24 00:25:22 - Bootstrapping Spring Data JPA repositories in DEFAULT mode.
2025-04-24 00:25:22 - Finished Spring Data repository scanning in 16 ms. Found 1 JPA repository interface.
2025-04-24 00:25:23 - HikariPool-3 - Starting...
2025-04-24 00:25:23 - HikariPool-3 - Added connection com.mysql.cj.jdbc.ConnectionImpl@44c65be4
2025-04-24 00:25:23 - HikariPool-3 - Start completed.
2025-04-24 00:25:23 - Reading from mydatabase.databasechangelog
2025-04-24 00:25:23 - Database is up to date, no changesets to execute
2025-04-24 00:25:23 - UPDATE SUMMARY
2025-04-24 00:25:23 - Run:                          0
2025-04-24 00:25:23 - Previously run:               6
2025-04-24 00:25:23 - Filtered out:                 0
2025-04-24 00:25:23 - -------------------------------
2025-04-24 00:25:23 - Total change sets:            6
2025-04-24 00:25:23 - Update summary generated
2025-04-24 00:25:23 - Command execution complete
2025-04-24 00:25:23 - HHH000204: Processing PersistenceUnitInfo [name: default]
2025-04-24 00:25:23 - HHH000026: Second-level cache disabled
2025-04-24 00:25:23 - No LoadTimeWeaver setup: ignoring JPA class transformer
2025-04-24 00:25:23 - HHH000511: The 5.5.5 version for [org.hibernate.dialect.MySQLDialect] is no longer supported, hence certain features may not work properly. The minimum supported version is 8.0.0. Check the community dialects project for available legacy versions.
2025-04-24 00:25:23 - HHH10001005: Database info:
	Database JDBC URL [Connecting through datasource 'HikariDataSource (HikariPool-3)']
	Database driver: undefined/unknown
	Database version: 5.5.5
	Autocommit mode: undefined/unknown
	Isolation level: undefined/unknown
	Minimum pool size: undefined/unknown
	Maximum pool size: undefined/unknown
2025-04-24 00:25:23 - HHH000489: No JTA platform available (set 'hibernate.transaction.jta.platform' to enable JTA platform integration)
2025-04-24 00:25:23 - Initialized JPA EntityManagerFactory for persistence unit 'default'
2025-04-24 00:25:23 - Global AuthenticationManager configured with UserDetailsService bean with name userDetailsServiceImpl
2025-04-24 00:25:23 - 7 mappings in 'requestMappingHandlerMapping'
2025-04-24 00:25:23 - Default resource handling disabled
2025-04-24 00:25:24 - Exposing 1 endpoint beneath base path '/actuator'
2025-04-24 00:25:24 - ControllerAdvice beans: 0 @ModelAttribute, 0 @InitBinder, 1 RequestBodyAdvice, 1 ResponseBodyAdvice
2025-04-24 00:25:24 - ControllerAdvice beans: 1 @ExceptionHandler, 1 ResponseBodyAdvice
2025-04-24 00:25:24 - Started SpringProjectApplicationTests in 2.189 seconds (process running for 13.947)
2025-04-24 00:25:24 - ==== App Started ====
2025-04-24 00:25:24 - Java Version: 21.0.6
2025-04-24 00:25:24 - Current Time: 2025-04-24T00:25:24.477216300
2025-04-24 00:25:24 - OS: Windows 10
2025-04-24 00:25:24 - OS Version: 10.0
2025-04-24 00:25:24 - Architecture: amd64
2025-04-24 00:25:24 - JVM Max Memory: 4086 MB
2025-04-24 00:25:24 - JVM Available Processors: 8
2025-04-24 00:25:24 - Spring Boot Version: 3.4.4
2025-04-24 00:25:24 - Active Profiles: dev
2025-04-24 00:25:24 - ==== App Ready! ====
2025-04-24 00:25:24 - Closing org.springframework.web.context.support.GenericWebApplicationContext@57540fd0, started on Thu Apr 24 00:25:12 CST 2025
2025-04-24 00:25:24 - Closing JPA EntityManagerFactory for persistence unit 'default'
2025-04-24 00:25:24 - HikariPool-1 - Shutdown initiated...
2025-04-24 00:25:24 - HikariPool-1 - Shutdown completed.
2025-04-24 00:25:24 - Closing org.springframework.web.context.support.GenericWebApplicationContext@5213a8f7, started on Thu Apr 24 00:25:20 CST 2025
2025-04-24 00:25:24 - Closing JPA EntityManagerFactory for persistence unit 'default'
2025-04-24 00:25:24 - HikariPool-2 - Shutdown initiated...
2025-04-24 00:25:24 - HikariPool-2 - Shutdown completed.
2025-04-24 00:25:24 - Closing org.springframework.web.context.support.GenericWebApplicationContext@605694dc, started on Thu Apr 24 00:25:22 CST 2025
2025-04-24 00:25:24 - Closing JPA EntityManagerFactory for persistence unit 'default'
2025-04-24 00:25:24 - HikariPool-3 - Shutdown initiated...
2025-04-24 00:25:24 - HikariPool-3 - Shutdown completed.
2025-04-24 00:26:33 - HV000001: Hibernate Validator 8.0.2.Final
2025-04-24 00:26:33 - Starting AuthControllerTest using Java 21.0.6 with PID 2212 (started by OmarU in C:\GitHub\springboot-essentials-template)
2025-04-24 00:26:33 - The following 1 profile is active: "dev"
2025-04-24 00:26:33 - Refreshing org.springframework.web.context.support.GenericWebApplicationContext@ecfbe91
2025-04-24 00:26:34 - Bootstrapping Spring Data JPA repositories in DEFAULT mode.
2025-04-24 00:26:34 - Finished Spring Data repository scanning in 68 ms. Found 1 JPA repository interface.
2025-04-24 00:26:35 - HikariPool-1 - Starting...
2025-04-24 00:26:35 - HikariPool-1 - Added connection com.mysql.cj.jdbc.ConnectionImpl@6de84336
2025-04-24 00:26:35 - HikariPool-1 - Start completed.
2025-04-24 00:26:36 - Reading from mydatabase.databasechangelog
2025-04-24 00:26:36 - Database is up to date, no changesets to execute
2025-04-24 00:26:36 - Reading from mydatabase.databasechangelog
2025-04-24 00:26:36 - UPDATE SUMMARY
2025-04-24 00:26:36 - Run:                          0
2025-04-24 00:26:36 - Previously run:               6
2025-04-24 00:26:36 - Filtered out:                 0
2025-04-24 00:26:36 - -------------------------------
2025-04-24 00:26:36 - Total change sets:            6
2025-04-24 00:26:36 - Update summary generated
2025-04-24 00:26:36 - Command execution complete
2025-04-24 00:26:37 - HHH000204: Processing PersistenceUnitInfo [name: default]
2025-04-24 00:26:37 - HHH000412: Hibernate ORM core version 6.6.11.Final
2025-04-24 00:26:37 - HHH000026: Second-level cache disabled
2025-04-24 00:26:37 - No LoadTimeWeaver setup: ignoring JPA class transformer
2025-04-24 00:26:37 - HHH000511: The 5.5.5 version for [org.hibernate.dialect.MySQLDialect] is no longer supported, hence certain features may not work properly. The minimum supported version is 8.0.0. Check the community dialects project for available legacy versions.
2025-04-24 00:26:37 - HHH10001005: Database info:
	Database JDBC URL [Connecting through datasource 'HikariDataSource (HikariPool-1)']
	Database driver: undefined/unknown
	Database version: 5.5.5
	Autocommit mode: undefined/unknown
	Isolation level: undefined/unknown
	Minimum pool size: undefined/unknown
	Maximum pool size: undefined/unknown
2025-04-24 00:26:38 - HHH000489: No JTA platform available (set 'hibernate.transaction.jta.platform' to enable JTA platform integration)
2025-04-24 00:26:38 - Initialized JPA EntityManagerFactory for persistence unit 'default'
2025-04-24 00:26:39 - Global AuthenticationManager configured with UserDetailsService bean with name userDetailsServiceImpl
2025-04-24 00:26:39 - 7 mappings in 'requestMappingHandlerMapping'
2025-04-24 00:26:39 - Default resource handling disabled
2025-04-24 00:26:40 - Exposing 1 endpoint beneath base path '/actuator'
2025-04-24 00:26:40 - ControllerAdvice beans: 0 @ModelAttribute, 0 @InitBinder, 1 RequestBodyAdvice, 1 ResponseBodyAdvice
2025-04-24 00:26:40 - ControllerAdvice beans: 1 @ExceptionHandler, 1 ResponseBodyAdvice
2025-04-24 00:26:40 - Mapping filters: webMvcObservationFilter urls=[/*] order=-2147483647, springSecurityFilterChain urls=[/*] order=-100, characterEncodingFilter urls=[/*] order=-2147483648, formContentFilter urls=[/*] order=-9900, requestContextFilter urls=[/*] order=-105, jwtAuthenticationFilter urls=[/*] order=2147483647
2025-04-24 00:26:40 - Mapping servlets: 
2025-04-24 00:26:40 - Filter 'webMvcObservationFilter' configured for use
2025-04-24 00:26:40 - Initializing Spring TestDispatcherServlet ''
2025-04-24 00:26:40 - Initializing Servlet ''
2025-04-24 00:26:40 - Completed initialization in 1 ms
2025-04-24 00:26:40 - Started AuthControllerTest in 8.117 seconds (process running for 9.478)
2025-04-24 00:26:41 - ==== App Started ====
2025-04-24 00:26:41 - Java Version: 21.0.6
2025-04-24 00:26:41 - Current Time: 2025-04-24T00:26:41.053641700
2025-04-24 00:26:41 - OS: Windows 10
2025-04-24 00:26:41 - OS Version: 10.0
2025-04-24 00:26:41 - Architecture: amd64
2025-04-24 00:26:41 - JVM Max Memory: 4086 MB
2025-04-24 00:26:41 - JVM Available Processors: 8
2025-04-24 00:26:41 - Spring Boot Version: 3.4.4
2025-04-24 00:26:41 - Active Profiles: dev
2025-04-24 00:26:41 - ==== App Ready! ====
2025-04-24 00:26:41 - Mapped to com.project.spring_project.controller.TestController#publicEndpoint()
2025-04-24 00:26:41 - Using 'text/plain', given [*/*] and supported [text/plain, */*, application/json, application/*+json]
2025-04-24 00:26:41 - Writing ["This is a public endpoint. Everyone can see this."]
2025-04-24 00:26:41 - Mapped to com.project.spring_project.controller.TestController#userEndpoint()
2025-04-24 00:26:41 - Using @ExceptionHandler com.project.spring_project.exception.GlobalExceptionHandler#handleAccessDenied(AccessDeniedException)
2025-04-24 00:26:41 - AccessDeniedException: Access Denied
2025-04-24 00:26:41 - Using 'application/json', given [*/*] and supported [application/json, application/*+json]
2025-04-24 00:26:41 - Writing [{error=Forbidden, message=You do not have permission to access this resource., timestamp=2025-04-24T (truncated)...]
2025-04-24 00:26:41 - Resolved [org.springframework.security.authorization.AuthorizationDeniedException: Access Denied]
2025-04-24 00:26:41 - Mapped to com.project.spring_project.controller.TestController#adminEndpoint()
2025-04-24 00:26:41 - Using @ExceptionHandler com.project.spring_project.exception.GlobalExceptionHandler#handleAccessDenied(AccessDeniedException)
2025-04-24 00:26:41 - AccessDeniedException: Access Denied
2025-04-24 00:26:41 - Using 'application/json', given [*/*] and supported [application/json, application/*+json]
2025-04-24 00:26:41 - Writing [{error=Forbidden, message=You do not have permission to access this resource., timestamp=2025-04-24T (truncated)...]
2025-04-24 00:26:41 - Resolved [org.springframework.security.authorization.AuthorizationDeniedException: Access Denied]
2025-04-24 00:26:41 - Mapped to com.project.spring_project.controller.AuthController#login(AuthRequest)
2025-04-24 00:26:41 - Read "application/json;charset=UTF-8" to [com.project.spring_project.payload.request.AuthRequest@3d6527bf]
2025-04-24 00:26:42 - Using 'application/json', given [*/*] and supported [application/json, application/*+json]
2025-04-24 00:26:42 - Writing [com.project.spring_project.payload.response.AuthResponse@20531934]
2025-04-24 00:26:42 - Could not detect default configuration classes for test class [com.project.spring_project.JwtTokenProviderTest]: JwtTokenProviderTest does not declare any static, non-private, non-final, nested classes annotated with @Configuration.
2025-04-24 00:26:42 - Found @SpringBootConfiguration com.project.spring_project.SpringProjectApplication for test class com.project.spring_project.JwtTokenProviderTest
2025-04-24 00:26:42 - Restart disabled due to context in which it is running
2025-04-24 00:26:42 - Starting JwtTokenProviderTest using Java 21.0.6 with PID 2212 (started by OmarU in C:\GitHub\springboot-essentials-template)
2025-04-24 00:26:42 - The following 1 profile is active: "dev"
2025-04-24 00:26:42 - Refreshing org.springframework.web.context.support.GenericWebApplicationContext@23cd4444
2025-04-24 00:26:42 - Bootstrapping Spring Data JPA repositories in DEFAULT mode.
2025-04-24 00:26:42 - Finished Spring Data repository scanning in 14 ms. Found 1 JPA repository interface.
2025-04-24 00:26:42 - HikariPool-2 - Starting...
2025-04-24 00:26:42 - HikariPool-2 - Added connection com.mysql.cj.jdbc.ConnectionImpl@503c8431
2025-04-24 00:26:42 - HikariPool-2 - Start completed.
2025-04-24 00:26:43 - Reading from mydatabase.databasechangelog
2025-04-24 00:26:43 - Database is up to date, no changesets to execute
2025-04-24 00:26:43 - UPDATE SUMMARY
2025-04-24 00:26:43 - Run:                          0
2025-04-24 00:26:43 - Previously run:               6
2025-04-24 00:26:43 - Filtered out:                 0
2025-04-24 00:26:43 - -------------------------------
2025-04-24 00:26:43 - Total change sets:            6
2025-04-24 00:26:43 - Update summary generated
2025-04-24 00:26:43 - Command execution complete
2025-04-24 00:26:43 - HHH000204: Processing PersistenceUnitInfo [name: default]
2025-04-24 00:26:43 - HHH000026: Second-level cache disabled
2025-04-24 00:26:43 - No LoadTimeWeaver setup: ignoring JPA class transformer
2025-04-24 00:26:43 - HHH000511: The 5.5.5 version for [org.hibernate.dialect.MySQLDialect] is no longer supported, hence certain features may not work properly. The minimum supported version is 8.0.0. Check the community dialects project for available legacy versions.
2025-04-24 00:26:43 - HHH10001005: Database info:
	Database JDBC URL [Connecting through datasource 'HikariDataSource (HikariPool-2)']
	Database driver: undefined/unknown
	Database version: 5.5.5
	Autocommit mode: undefined/unknown
	Isolation level: undefined/unknown
	Minimum pool size: undefined/unknown
	Maximum pool size: undefined/unknown
2025-04-24 00:26:43 - HHH000489: No JTA platform available (set 'hibernate.transaction.jta.platform' to enable JTA platform integration)
2025-04-24 00:26:43 - Initialized JPA EntityManagerFactory for persistence unit 'default'
2025-04-24 00:26:43 - Global AuthenticationManager configured with UserDetailsService bean with name userDetailsServiceImpl
2025-04-24 00:26:43 - 7 mappings in 'requestMappingHandlerMapping'
2025-04-24 00:26:43 - Default resource handling disabled
2025-04-24 00:26:43 - Exposing 1 endpoint beneath base path '/actuator'
2025-04-24 00:26:43 - ControllerAdvice beans: 0 @ModelAttribute, 0 @InitBinder, 1 RequestBodyAdvice, 1 ResponseBodyAdvice
2025-04-24 00:26:43 - ControllerAdvice beans: 1 @ExceptionHandler, 1 ResponseBodyAdvice
2025-04-24 00:26:43 - Started JwtTokenProviderTest in 1.479 seconds (process running for 12.392)
2025-04-24 00:26:43 - ==== App Started ====
2025-04-24 00:26:43 - Java Version: 21.0.6
2025-04-24 00:26:43 - Current Time: 2025-04-24T00:26:43.888422100
2025-04-24 00:26:43 - OS: Windows 10
2025-04-24 00:26:43 - OS Version: 10.0
2025-04-24 00:26:43 - Architecture: amd64
2025-04-24 00:26:43 - JVM Max Memory: 4086 MB
2025-04-24 00:26:43 - JVM Available Processors: 8
2025-04-24 00:26:43 - Spring Boot Version: 3.4.4
2025-04-24 00:26:43 - Active Profiles: dev
2025-04-24 00:26:43 - ==== App Ready! ====
2025-04-24 00:26:44 - Could not detect default configuration classes for test class [com.project.spring_project.SpringProjectApplicationTests]: SpringProjectApplicationTests does not declare any static, non-private, non-final, nested classes annotated with @Configuration.
2025-04-24 00:26:44 - Found @SpringBootConfiguration com.project.spring_project.SpringProjectApplication for test class com.project.spring_project.SpringProjectApplicationTests
2025-04-24 00:26:44 - Restart disabled due to context in which it is running
2025-04-24 00:26:44 - Starting SpringProjectApplicationTests using Java 21.0.6 with PID 2212 (started by OmarU in C:\GitHub\springboot-essentials-template)
2025-04-24 00:26:44 - The following 1 profile is active: "dev"
2025-04-24 00:26:44 - Refreshing org.springframework.web.context.support.GenericWebApplicationContext@115e7c5e
2025-04-24 00:26:45 - Bootstrapping Spring Data JPA repositories in DEFAULT mode.
2025-04-24 00:26:45 - Finished Spring Data repository scanning in 23 ms. Found 1 JPA repository interface.
2025-04-24 00:26:45 - HikariPool-3 - Starting...
2025-04-24 00:26:45 - HikariPool-3 - Added connection com.mysql.cj.jdbc.ConnectionImpl@192da968
2025-04-24 00:26:45 - HikariPool-3 - Start completed.
2025-04-24 00:26:45 - Reading from mydatabase.databasechangelog
2025-04-24 00:26:45 - Database is up to date, no changesets to execute
2025-04-24 00:26:45 - UPDATE SUMMARY
2025-04-24 00:26:45 - Run:                          0
2025-04-24 00:26:45 - Previously run:               6
2025-04-24 00:26:45 - Filtered out:                 0
2025-04-24 00:26:45 - -------------------------------
2025-04-24 00:26:45 - Total change sets:            6
2025-04-24 00:26:45 - Update summary generated
2025-04-24 00:26:45 - Command execution complete
2025-04-24 00:26:45 - HHH000204: Processing PersistenceUnitInfo [name: default]
2025-04-24 00:26:45 - HHH000026: Second-level cache disabled
2025-04-24 00:26:45 - No LoadTimeWeaver setup: ignoring JPA class transformer
2025-04-24 00:26:45 - HHH000511: The 5.5.5 version for [org.hibernate.dialect.MySQLDialect] is no longer supported, hence certain features may not work properly. The minimum supported version is 8.0.0. Check the community dialects project for available legacy versions.
2025-04-24 00:26:45 - HHH10001005: Database info:
	Database JDBC URL [Connecting through datasource 'HikariDataSource (HikariPool-3)']
	Database driver: undefined/unknown
	Database version: 5.5.5
	Autocommit mode: undefined/unknown
	Isolation level: undefined/unknown
	Minimum pool size: undefined/unknown
	Maximum pool size: undefined/unknown
2025-04-24 00:26:45 - HHH000489: No JTA platform available (set 'hibernate.transaction.jta.platform' to enable JTA platform integration)
2025-04-24 00:26:45 - Initialized JPA EntityManagerFactory for persistence unit 'default'
2025-04-24 00:26:45 - Global AuthenticationManager configured with UserDetailsService bean with name userDetailsServiceImpl
2025-04-24 00:26:46 - 7 mappings in 'requestMappingHandlerMapping'
2025-04-24 00:26:46 - Default resource handling disabled
2025-04-24 00:26:46 - Exposing 1 endpoint beneath base path '/actuator'
2025-04-24 00:26:46 - ControllerAdvice beans: 0 @ModelAttribute, 0 @InitBinder, 1 RequestBodyAdvice, 1 ResponseBodyAdvice
2025-04-24 00:26:46 - ControllerAdvice beans: 1 @ExceptionHandler, 1 ResponseBodyAdvice
2025-04-24 00:26:46 - Started SpringProjectApplicationTests in 2.448 seconds (process running for 15.292)
2025-04-24 00:26:46 - ==== App Started ====
2025-04-24 00:26:46 - Java Version: 21.0.6
2025-04-24 00:26:46 - Current Time: 2025-04-24T00:26:46.789670800
2025-04-24 00:26:46 - OS: Windows 10
2025-04-24 00:26:46 - OS Version: 10.0
2025-04-24 00:26:46 - Architecture: amd64
2025-04-24 00:26:46 - JVM Max Memory: 4086 MB
2025-04-24 00:26:46 - JVM Available Processors: 8
2025-04-24 00:26:46 - Spring Boot Version: 3.4.4
2025-04-24 00:26:46 - Active Profiles: dev
2025-04-24 00:26:46 - ==== App Ready! ====
2025-04-24 00:26:46 - Closing org.springframework.web.context.support.GenericWebApplicationContext@ecfbe91, started on Thu Apr 24 00:26:33 CST 2025
2025-04-24 00:26:46 - Closing JPA EntityManagerFactory for persistence unit 'default'
2025-04-24 00:26:46 - HikariPool-1 - Shutdown initiated...
2025-04-24 00:26:46 - HikariPool-1 - Shutdown completed.
2025-04-24 00:26:46 - Closing org.springframework.web.context.support.GenericWebApplicationContext@23cd4444, started on Thu Apr 24 00:26:42 CST 2025
2025-04-24 00:26:46 - Closing JPA EntityManagerFactory for persistence unit 'default'
2025-04-24 00:26:46 - HikariPool-2 - Shutdown initiated...
2025-04-24 00:26:46 - HikariPool-2 - Shutdown completed.
2025-04-24 00:26:46 - Closing org.springframework.web.context.support.GenericWebApplicationContext@115e7c5e, started on Thu Apr 24 00:26:44 CST 2025
2025-04-24 00:26:46 - Closing JPA EntityManagerFactory for persistence unit 'default'
2025-04-24 00:26:46 - HikariPool-3 - Shutdown initiated...
2025-04-24 00:26:46 - HikariPool-3 - Shutdown completed.
2025-04-24 00:38:44 - HV000001: Hibernate Validator 8.0.2.Final
2025-04-24 00:38:44 - Starting AuthControllerTest using Java 21.0.6 with PID 10528 (started by OmarU in C:\GitHub\springboot-essentials-template)
2025-04-24 00:38:44 - The following 1 profile is active: "dev"
2025-04-24 00:38:44 - Refreshing org.springframework.web.context.support.GenericWebApplicationContext@ecfbe91
2025-04-24 00:38:45 - Bootstrapping Spring Data JPA repositories in DEFAULT mode.
2025-04-24 00:38:45 - Finished Spring Data repository scanning in 93 ms. Found 1 JPA repository interface.
2025-04-24 00:38:46 - HikariPool-1 - Starting...
2025-04-24 00:38:46 - HikariPool-1 - Added connection com.mysql.cj.jdbc.ConnectionImpl@63326a3a
2025-04-24 00:38:46 - HikariPool-1 - Start completed.
2025-04-24 00:38:47 - Reading from mydatabase.databasechangelog
2025-04-24 00:38:47 - Database is up to date, no changesets to execute
2025-04-24 00:38:47 - Reading from mydatabase.databasechangelog
2025-04-24 00:38:47 - UPDATE SUMMARY
2025-04-24 00:38:47 - Run:                          0
2025-04-24 00:38:47 - Previously run:               6
2025-04-24 00:38:47 - Filtered out:                 0
2025-04-24 00:38:47 - -------------------------------
2025-04-24 00:38:47 - Total change sets:            6
2025-04-24 00:38:47 - Update summary generated
2025-04-24 00:38:47 - Command execution complete
2025-04-24 00:38:47 - HHH000204: Processing PersistenceUnitInfo [name: default]
2025-04-24 00:38:48 - HHH000412: Hibernate ORM core version 6.6.11.Final
2025-04-24 00:38:48 - HHH000026: Second-level cache disabled
2025-04-24 00:38:48 - No LoadTimeWeaver setup: ignoring JPA class transformer
2025-04-24 00:38:48 - HHH000511: The 5.5.5 version for [org.hibernate.dialect.MySQLDialect] is no longer supported, hence certain features may not work properly. The minimum supported version is 8.0.0. Check the community dialects project for available legacy versions.
2025-04-24 00:38:48 - HHH10001005: Database info:
	Database JDBC URL [Connecting through datasource 'HikariDataSource (HikariPool-1)']
	Database driver: undefined/unknown
	Database version: 5.5.5
	Autocommit mode: undefined/unknown
	Isolation level: undefined/unknown
	Minimum pool size: undefined/unknown
	Maximum pool size: undefined/unknown
2025-04-24 00:38:49 - HHH000489: No JTA platform available (set 'hibernate.transaction.jta.platform' to enable JTA platform integration)
2025-04-24 00:38:49 - Initialized JPA EntityManagerFactory for persistence unit 'default'
2025-04-24 00:38:49 - Global AuthenticationManager configured with UserDetailsService bean with name userDetailsServiceImpl
2025-04-24 00:38:50 - 7 mappings in 'requestMappingHandlerMapping'
2025-04-24 00:38:50 - Default resource handling disabled
2025-04-24 00:38:50 - Exposing 1 endpoint beneath base path '/actuator'
2025-04-24 00:38:51 - ControllerAdvice beans: 0 @ModelAttribute, 0 @InitBinder, 1 RequestBodyAdvice, 1 ResponseBodyAdvice
2025-04-24 00:38:51 - ControllerAdvice beans: 1 @ExceptionHandler, 1 ResponseBodyAdvice
2025-04-24 00:38:51 - Mapping filters: webMvcObservationFilter urls=[/*] order=-2147483647, springSecurityFilterChain urls=[/*] order=-100, characterEncodingFilter urls=[/*] order=-2147483648, formContentFilter urls=[/*] order=-9900, requestContextFilter urls=[/*] order=-105, jwtAuthenticationFilter urls=[/*] order=2147483647
2025-04-24 00:38:51 - Mapping servlets: 
2025-04-24 00:38:51 - Filter 'webMvcObservationFilter' configured for use
2025-04-24 00:38:51 - Initializing Spring TestDispatcherServlet ''
2025-04-24 00:38:51 - Initializing Servlet ''
2025-04-24 00:38:51 - Completed initialization in 1 ms
2025-04-24 00:38:51 - Started AuthControllerTest in 8.046 seconds (process running for 9.399)
2025-04-24 00:38:51 - ==== App Started ====
2025-04-24 00:38:51 - Java Version: 21.0.6
2025-04-24 00:38:51 - Current Time: 2025-04-24T00:38:51.706014800
2025-04-24 00:38:51 - OS: Windows 10
2025-04-24 00:38:51 - OS Version: 10.0
2025-04-24 00:38:51 - Architecture: amd64
2025-04-24 00:38:51 - JVM Max Memory: 4086 MB
2025-04-24 00:38:51 - JVM Available Processors: 8
2025-04-24 00:38:51 - Spring Boot Version: 3.4.4
2025-04-24 00:38:51 - Active Profiles: dev
2025-04-24 00:38:51 - ==== App Ready! ====
2025-04-24 00:38:52 - Mapped to com.project.spring_project.controller.TestController#publicEndpoint()
2025-04-24 00:38:52 - Using 'text/plain', given [*/*] and supported [text/plain, */*, application/json, application/*+json]
2025-04-24 00:38:52 - Writing ["This is a public endpoint. Everyone can see this."]
2025-04-24 00:38:52 - Mapped to com.project.spring_project.controller.AuthController#login(AuthRequest)
2025-04-24 00:38:52 - Read "application/json;charset=UTF-8" to [com.project.spring_project.payload.request.AuthRequest@11d0033b]
2025-04-24 00:38:52 - Using 'application/json', given [*/*] and supported [application/json, application/*+json]
2025-04-24 00:38:52 - Writing [com.project.spring_project.payload.response.AuthResponse@33f42420]
2025-04-24 00:38:52 - Mapped to com.project.spring_project.controller.TestController#userEndpoint()
2025-04-24 00:38:52 - Using @ExceptionHandler com.project.spring_project.exception.GlobalExceptionHandler#handleAccessDenied(AccessDeniedException)
2025-04-24 00:38:52 - AccessDeniedException: Access Denied
2025-04-24 00:38:52 - Using 'application/json', given [*/*] and supported [application/json, application/*+json]
2025-04-24 00:38:52 - Writing [{error=Forbidden, message=You do not have permission to access this resource., timestamp=2025-04-24T (truncated)...]
2025-04-24 00:38:52 - Resolved [org.springframework.security.authorization.AuthorizationDeniedException: Access Denied]
2025-04-24 00:38:52 - Mapped to com.project.spring_project.controller.AuthController#login(AuthRequest)
2025-04-24 00:38:52 - Read "application/json;charset=UTF-8" to [com.project.spring_project.payload.request.AuthRequest@3e691e44]
2025-04-24 00:38:52 - Using 'application/json', given [*/*] and supported [application/json, application/*+json]
2025-04-24 00:38:52 - Writing [com.project.spring_project.payload.response.AuthResponse@49038769]
2025-04-24 00:38:52 - Mapped to com.project.spring_project.controller.TestController#adminEndpoint()
2025-04-24 00:38:52 - Using 'text/plain', given [*/*] and supported [text/plain, */*, application/json, application/*+json]
2025-04-24 00:38:52 - Writing ["This endpoint is only for admins."]
2025-04-24 00:38:52 - Mapped to com.project.spring_project.controller.AuthController#login(AuthRequest)
2025-04-24 00:38:52 - Read "application/json;charset=UTF-8" to [com.project.spring_project.payload.request.AuthRequest@347d6885]
2025-04-24 00:38:52 - Using 'application/json', given [*/*] and supported [application/json, application/*+json]
2025-04-24 00:38:52 - Writing [com.project.spring_project.payload.response.AuthResponse@3116e9f2]
2025-04-24 00:38:52 - Could not detect default configuration classes for test class [com.project.spring_project.JwtTokenProviderTest]: JwtTokenProviderTest does not declare any static, non-private, non-final, nested classes annotated with @Configuration.
2025-04-24 00:38:52 - Found @SpringBootConfiguration com.project.spring_project.SpringProjectApplication for test class com.project.spring_project.JwtTokenProviderTest
2025-04-24 00:38:52 - Restart disabled due to context in which it is running
2025-04-24 00:38:53 - Starting JwtTokenProviderTest using Java 21.0.6 with PID 10528 (started by OmarU in C:\GitHub\springboot-essentials-template)
2025-04-24 00:38:53 - The following 1 profile is active: "dev"
2025-04-24 00:38:53 - Refreshing org.springframework.web.context.support.GenericWebApplicationContext@37a1ac0
2025-04-24 00:38:53 - Bootstrapping Spring Data JPA repositories in DEFAULT mode.
2025-04-24 00:38:53 - Finished Spring Data repository scanning in 13 ms. Found 1 JPA repository interface.
2025-04-24 00:38:53 - HikariPool-2 - Starting...
2025-04-24 00:38:53 - HikariPool-2 - Added connection com.mysql.cj.jdbc.ConnectionImpl@23b2ddc4
2025-04-24 00:38:53 - HikariPool-2 - Start completed.
2025-04-24 00:38:53 - Reading from mydatabase.databasechangelog
2025-04-24 00:38:53 - Database is up to date, no changesets to execute
2025-04-24 00:38:53 - UPDATE SUMMARY
2025-04-24 00:38:53 - Run:                          0
2025-04-24 00:38:53 - Previously run:               6
2025-04-24 00:38:53 - Filtered out:                 0
2025-04-24 00:38:53 - -------------------------------
2025-04-24 00:38:53 - Total change sets:            6
2025-04-24 00:38:53 - Update summary generated
2025-04-24 00:38:53 - Command execution complete
2025-04-24 00:38:53 - HHH000204: Processing PersistenceUnitInfo [name: default]
2025-04-24 00:38:53 - HHH000026: Second-level cache disabled
2025-04-24 00:38:53 - No LoadTimeWeaver setup: ignoring JPA class transformer
2025-04-24 00:38:53 - HHH000511: The 5.5.5 version for [org.hibernate.dialect.MySQLDialect] is no longer supported, hence certain features may not work properly. The minimum supported version is 8.0.0. Check the community dialects project for available legacy versions.
2025-04-24 00:38:53 - HHH10001005: Database info:
	Database JDBC URL [Connecting through datasource 'HikariDataSource (HikariPool-2)']
	Database driver: undefined/unknown
	Database version: 5.5.5
	Autocommit mode: undefined/unknown
	Isolation level: undefined/unknown
	Minimum pool size: undefined/unknown
	Maximum pool size: undefined/unknown
2025-04-24 00:38:53 - HHH000489: No JTA platform available (set 'hibernate.transaction.jta.platform' to enable JTA platform integration)
2025-04-24 00:38:53 - Initialized JPA EntityManagerFactory for persistence unit 'default'
2025-04-24 00:38:53 - Global AuthenticationManager configured with UserDetailsService bean with name userDetailsServiceImpl
2025-04-24 00:38:53 - 7 mappings in 'requestMappingHandlerMapping'
2025-04-24 00:38:53 - Default resource handling disabled
2025-04-24 00:38:53 - Exposing 1 endpoint beneath base path '/actuator'
2025-04-24 00:38:54 - ControllerAdvice beans: 0 @ModelAttribute, 0 @InitBinder, 1 RequestBodyAdvice, 1 ResponseBodyAdvice
2025-04-24 00:38:54 - ControllerAdvice beans: 1 @ExceptionHandler, 1 ResponseBodyAdvice
2025-04-24 00:38:54 - Started JwtTokenProviderTest in 1.242 seconds (process running for 11.975)
2025-04-24 00:38:54 - ==== App Started ====
2025-04-24 00:38:54 - Java Version: 21.0.6
2025-04-24 00:38:54 - Current Time: 2025-04-24T00:38:54.206764600
2025-04-24 00:38:54 - OS: Windows 10
2025-04-24 00:38:54 - OS Version: 10.0
2025-04-24 00:38:54 - Architecture: amd64
2025-04-24 00:38:54 - JVM Max Memory: 4086 MB
2025-04-24 00:38:54 - JVM Available Processors: 8
2025-04-24 00:38:54 - Spring Boot Version: 3.4.4
2025-04-24 00:38:54 - Active Profiles: dev
2025-04-24 00:38:54 - ==== App Ready! ====
2025-04-24 00:38:54 - Could not detect default configuration classes for test class [com.project.spring_project.SpringProjectApplicationTests]: SpringProjectApplicationTests does not declare any static, non-private, non-final, nested classes annotated with @Configuration.
2025-04-24 00:38:54 - Found @SpringBootConfiguration com.project.spring_project.SpringProjectApplication for test class com.project.spring_project.SpringProjectApplicationTests
2025-04-24 00:38:54 - Restart disabled due to context in which it is running
2025-04-24 00:38:54 - Starting SpringProjectApplicationTests using Java 21.0.6 with PID 10528 (started by OmarU in C:\GitHub\springboot-essentials-template)
2025-04-24 00:38:54 - The following 1 profile is active: "dev"
2025-04-24 00:38:54 - Refreshing org.springframework.web.context.support.GenericWebApplicationContext@7ef4f2b0
2025-04-24 00:38:55 - Bootstrapping Spring Data JPA repositories in DEFAULT mode.
2025-04-24 00:38:55 - Finished Spring Data repository scanning in 16 ms. Found 1 JPA repository interface.
2025-04-24 00:38:55 - HikariPool-3 - Starting...
2025-04-24 00:38:55 - HikariPool-3 - Added connection com.mysql.cj.jdbc.ConnectionImpl@37826951
2025-04-24 00:38:55 - HikariPool-3 - Start completed.
2025-04-24 00:38:55 - Reading from mydatabase.databasechangelog
2025-04-24 00:38:55 - Database is up to date, no changesets to execute
2025-04-24 00:38:55 - UPDATE SUMMARY
2025-04-24 00:38:55 - Run:                          0
2025-04-24 00:38:55 - Previously run:               6
2025-04-24 00:38:55 - Filtered out:                 0
2025-04-24 00:38:55 - -------------------------------
2025-04-24 00:38:55 - Total change sets:            6
2025-04-24 00:38:55 - Update summary generated
2025-04-24 00:38:55 - Command execution complete
2025-04-24 00:38:55 - HHH000204: Processing PersistenceUnitInfo [name: default]
2025-04-24 00:38:55 - HHH000026: Second-level cache disabled
2025-04-24 00:38:55 - No LoadTimeWeaver setup: ignoring JPA class transformer
2025-04-24 00:38:55 - HHH000511: The 5.5.5 version for [org.hibernate.dialect.MySQLDialect] is no longer supported, hence certain features may not work properly. The minimum supported version is 8.0.0. Check the community dialects project for available legacy versions.
2025-04-24 00:38:55 - HHH10001005: Database info:
	Database JDBC URL [Connecting through datasource 'HikariDataSource (HikariPool-3)']
	Database driver: undefined/unknown
	Database version: 5.5.5
	Autocommit mode: undefined/unknown
	Isolation level: undefined/unknown
	Minimum pool size: undefined/unknown
	Maximum pool size: undefined/unknown
2025-04-24 00:38:55 - HHH000489: No JTA platform available (set 'hibernate.transaction.jta.platform' to enable JTA platform integration)
2025-04-24 00:38:55 - Initialized JPA EntityManagerFactory for persistence unit 'default'
2025-04-24 00:38:55 - Global AuthenticationManager configured with UserDetailsService bean with name userDetailsServiceImpl
2025-04-24 00:38:55 - 7 mappings in 'requestMappingHandlerMapping'
2025-04-24 00:38:55 - Default resource handling disabled
2025-04-24 00:38:56 - Exposing 1 endpoint beneath base path '/actuator'
2025-04-24 00:38:56 - ControllerAdvice beans: 0 @ModelAttribute, 0 @InitBinder, 1 RequestBodyAdvice, 1 ResponseBodyAdvice
2025-04-24 00:38:56 - ControllerAdvice beans: 1 @ExceptionHandler, 1 ResponseBodyAdvice
2025-04-24 00:38:56 - Started SpringProjectApplicationTests in 2.019 seconds (process running for 14.302)
2025-04-24 00:38:56 - ==== App Started ====
2025-04-24 00:38:56 - Java Version: 21.0.6
2025-04-24 00:38:56 - Current Time: 2025-04-24T00:38:56.535540900
2025-04-24 00:38:56 - OS: Windows 10
2025-04-24 00:38:56 - OS Version: 10.0
2025-04-24 00:38:56 - Architecture: amd64
2025-04-24 00:38:56 - JVM Max Memory: 4086 MB
2025-04-24 00:38:56 - JVM Available Processors: 8
2025-04-24 00:38:56 - Spring Boot Version: 3.4.4
2025-04-24 00:38:56 - Active Profiles: dev
2025-04-24 00:38:56 - ==== App Ready! ====
2025-04-24 00:38:56 - Closing org.springframework.web.context.support.GenericWebApplicationContext@ecfbe91, started on Thu Apr 24 00:38:44 CST 2025
2025-04-24 00:38:56 - Closing JPA EntityManagerFactory for persistence unit 'default'
2025-04-24 00:38:56 - HikariPool-1 - Shutdown initiated...
2025-04-24 00:38:56 - HikariPool-1 - Shutdown completed.
2025-04-24 00:38:56 - Closing org.springframework.web.context.support.GenericWebApplicationContext@37a1ac0, started on Thu Apr 24 00:38:53 CST 2025
2025-04-24 00:38:56 - Closing JPA EntityManagerFactory for persistence unit 'default'
2025-04-24 00:38:56 - HikariPool-2 - Shutdown initiated...
2025-04-24 00:38:56 - HikariPool-2 - Shutdown completed.
2025-04-24 00:38:56 - Closing org.springframework.web.context.support.GenericWebApplicationContext@7ef4f2b0, started on Thu Apr 24 00:38:54 CST 2025
2025-04-24 00:38:56 - Closing JPA EntityManagerFactory for persistence unit 'default'
2025-04-24 00:38:56 - HikariPool-3 - Shutdown initiated...
2025-04-24 00:38:56 - HikariPool-3 - Shutdown completed.
2025-04-24 00:40:48 - HV000001: Hibernate Validator 8.0.2.Final
2025-04-24 00:40:48 - Starting AuthControllerTest using Java 21.0.6 with PID 9480 (started by OmarU in C:\GitHub\springboot-essentials-template)
2025-04-24 00:40:48 - The following 1 profile is active: "dev"
2025-04-24 00:40:48 - Refreshing org.springframework.web.context.support.GenericWebApplicationContext@ecfbe91
2025-04-24 00:40:49 - Bootstrapping Spring Data JPA repositories in DEFAULT mode.
2025-04-24 00:40:49 - Finished Spring Data repository scanning in 75 ms. Found 1 JPA repository interface.
2025-04-24 00:40:50 - HikariPool-1 - Starting...
2025-04-24 00:40:50 - HikariPool-1 - Added connection com.mysql.cj.jdbc.ConnectionImpl@21f91efa
2025-04-24 00:40:50 - HikariPool-1 - Start completed.
2025-04-24 00:40:52 - Reading from mydatabase.databasechangelog
2025-04-24 00:40:52 - Database is up to date, no changesets to execute
2025-04-24 00:40:52 - Reading from mydatabase.databasechangelog
2025-04-24 00:40:52 - UPDATE SUMMARY
2025-04-24 00:40:52 - Run:                          0
2025-04-24 00:40:52 - Previously run:               6
2025-04-24 00:40:52 - Filtered out:                 0
2025-04-24 00:40:52 - -------------------------------
2025-04-24 00:40:52 - Total change sets:            6
2025-04-24 00:40:52 - Update summary generated
2025-04-24 00:40:52 - Command execution complete
2025-04-24 00:40:52 - HHH000204: Processing PersistenceUnitInfo [name: default]
2025-04-24 00:40:52 - HHH000412: Hibernate ORM core version 6.6.11.Final
2025-04-24 00:40:52 - HHH000026: Second-level cache disabled
2025-04-24 00:40:52 - No LoadTimeWeaver setup: ignoring JPA class transformer
2025-04-24 00:40:52 - HHH000511: The 5.5.5 version for [org.hibernate.dialect.MySQLDialect] is no longer supported, hence certain features may not work properly. The minimum supported version is 8.0.0. Check the community dialects project for available legacy versions.
2025-04-24 00:40:52 - HHH10001005: Database info:
	Database JDBC URL [Connecting through datasource 'HikariDataSource (HikariPool-1)']
	Database driver: undefined/unknown
	Database version: 5.5.5
	Autocommit mode: undefined/unknown
	Isolation level: undefined/unknown
	Minimum pool size: undefined/unknown
	Maximum pool size: undefined/unknown
2025-04-24 00:40:53 - HHH000489: No JTA platform available (set 'hibernate.transaction.jta.platform' to enable JTA platform integration)
2025-04-24 00:40:53 - Initialized JPA EntityManagerFactory for persistence unit 'default'
2025-04-24 00:40:54 - Global AuthenticationManager configured with UserDetailsService bean with name userDetailsServiceImpl
2025-04-24 00:40:54 - 7 mappings in 'requestMappingHandlerMapping'
2025-04-24 00:40:54 - Default resource handling disabled
2025-04-24 00:40:54 - Exposing 1 endpoint beneath base path '/actuator'
2025-04-24 00:40:55 - ControllerAdvice beans: 0 @ModelAttribute, 0 @InitBinder, 1 RequestBodyAdvice, 1 ResponseBodyAdvice
2025-04-24 00:40:55 - ControllerAdvice beans: 1 @ExceptionHandler, 1 ResponseBodyAdvice
2025-04-24 00:40:55 - Mapping filters: webMvcObservationFilter urls=[/*] order=-2147483647, springSecurityFilterChain urls=[/*] order=-100, characterEncodingFilter urls=[/*] order=-2147483648, formContentFilter urls=[/*] order=-9900, requestContextFilter urls=[/*] order=-105, jwtAuthenticationFilter urls=[/*] order=2147483647
2025-04-24 00:40:55 - Mapping servlets: 
2025-04-24 00:40:55 - Filter 'webMvcObservationFilter' configured for use
2025-04-24 00:40:55 - Initializing Spring TestDispatcherServlet ''
2025-04-24 00:40:55 - Initializing Servlet ''
2025-04-24 00:40:55 - Completed initialization in 1 ms
2025-04-24 00:40:55 - Started AuthControllerTest in 7.978 seconds (process running for 9.259)
2025-04-24 00:40:55 - ==== App Started ====
2025-04-24 00:40:55 - Java Version: 21.0.6
2025-04-24 00:40:55 - Current Time: 2025-04-24T00:40:55.866541400
2025-04-24 00:40:55 - OS: Windows 10
2025-04-24 00:40:55 - OS Version: 10.0
2025-04-24 00:40:55 - Architecture: amd64
2025-04-24 00:40:55 - JVM Max Memory: 4086 MB
2025-04-24 00:40:55 - JVM Available Processors: 8
2025-04-24 00:40:55 - Spring Boot Version: 3.4.4
2025-04-24 00:40:55 - Active Profiles: dev
2025-04-24 00:40:55 - ==== App Ready! ====
2025-04-24 00:40:56 - Mapped to com.project.spring_project.controller.TestController#publicEndpoint()
2025-04-24 00:40:56 - Using 'text/plain', given [*/*] and supported [text/plain, */*, application/json, application/*+json]
2025-04-24 00:40:56 - Writing ["This is a public endpoint. Everyone can see this."]
2025-04-24 00:40:56 - Mapped to com.project.spring_project.controller.AuthController#login(AuthRequest)
2025-04-24 00:40:56 - Read "application/json;charset=UTF-8" to [com.project.spring_project.payload.request.AuthRequest@317c16bd]
2025-04-24 00:40:57 - Using 'application/json', given [*/*] and supported [application/json, application/*+json]
2025-04-24 00:40:57 - Writing [com.project.spring_project.payload.response.AuthResponse@5834390e]
2025-04-24 00:40:57 - Mapped to com.project.spring_project.controller.TestController#userEndpoint()
2025-04-24 00:40:57 - Using @ExceptionHandler com.project.spring_project.exception.GlobalExceptionHandler#handleAccessDenied(AccessDeniedException)
2025-04-24 00:40:57 - AccessDeniedException: Access Denied
2025-04-24 00:40:57 - Using 'application/json', given [*/*] and supported [application/json, application/*+json]
2025-04-24 00:40:57 - Writing [{error=Forbidden, message=You do not have permission to access this resource., timestamp=2025-04-24T (truncated)...]
2025-04-24 00:40:57 - Resolved [org.springframework.security.authorization.AuthorizationDeniedException: Access Denied]
2025-04-24 00:40:57 - Mapped to com.project.spring_project.controller.AuthController#login(AuthRequest)
2025-04-24 00:40:57 - Read "application/json;charset=UTF-8" to [com.project.spring_project.payload.request.AuthRequest@9a4bb97]
2025-04-24 00:40:57 - Using 'application/json', given [*/*] and supported [application/json, application/*+json]
2025-04-24 00:40:57 - Writing [com.project.spring_project.payload.response.AuthResponse@673e239b]
2025-04-24 00:40:57 - Mapped to com.project.spring_project.controller.TestController#adminEndpoint()
2025-04-24 00:40:57 - Using 'text/plain', given [*/*] and supported [text/plain, */*, application/json, application/*+json]
2025-04-24 00:40:57 - Writing ["This endpoint is only for admins."]
2025-04-24 00:40:57 - Mapped to com.project.spring_project.controller.AuthController#login(AuthRequest)
2025-04-24 00:40:57 - Read "application/json;charset=UTF-8" to [com.project.spring_project.payload.request.AuthRequest@595f803]
2025-04-24 00:40:57 - Using 'application/json', given [*/*] and supported [application/json, application/*+json]
2025-04-24 00:40:57 - Writing [com.project.spring_project.payload.response.AuthResponse@3789bd95]
2025-04-24 00:40:57 - Could not detect default configuration classes for test class [com.project.spring_project.JwtTokenProviderTest]: JwtTokenProviderTest does not declare any static, non-private, non-final, nested classes annotated with @Configuration.
2025-04-24 00:40:57 - Found @SpringBootConfiguration com.project.spring_project.SpringProjectApplication for test class com.project.spring_project.JwtTokenProviderTest
2025-04-24 00:40:57 - Restart disabled due to context in which it is running
2025-04-24 00:40:57 - Starting JwtTokenProviderTest using Java 21.0.6 with PID 9480 (started by OmarU in C:\GitHub\springboot-essentials-template)
2025-04-24 00:40:57 - The following 1 profile is active: "dev"
2025-04-24 00:40:57 - Refreshing org.springframework.web.context.support.GenericWebApplicationContext@27946cee
2025-04-24 00:40:57 - Bootstrapping Spring Data JPA repositories in DEFAULT mode.
2025-04-24 00:40:57 - Finished Spring Data repository scanning in 15 ms. Found 1 JPA repository interface.
2025-04-24 00:40:58 - HikariPool-2 - Starting...
2025-04-24 00:40:58 - HikariPool-2 - Added connection com.mysql.cj.jdbc.ConnectionImpl@1b4d4949
2025-04-24 00:40:58 - HikariPool-2 - Start completed.
2025-04-24 00:40:58 - Reading from mydatabase.databasechangelog
2025-04-24 00:40:58 - Database is up to date, no changesets to execute
2025-04-24 00:40:58 - UPDATE SUMMARY
2025-04-24 00:40:58 - Run:                          0
2025-04-24 00:40:58 - Previously run:               6
2025-04-24 00:40:58 - Filtered out:                 0
2025-04-24 00:40:58 - -------------------------------
2025-04-24 00:40:58 - Total change sets:            6
2025-04-24 00:40:58 - Update summary generated
2025-04-24 00:40:58 - Command execution complete
2025-04-24 00:40:58 - HHH000204: Processing PersistenceUnitInfo [name: default]
2025-04-24 00:40:58 - HHH000026: Second-level cache disabled
2025-04-24 00:40:58 - No LoadTimeWeaver setup: ignoring JPA class transformer
2025-04-24 00:40:58 - HHH000511: The 5.5.5 version for [org.hibernate.dialect.MySQLDialect] is no longer supported, hence certain features may not work properly. The minimum supported version is 8.0.0. Check the community dialects project for available legacy versions.
2025-04-24 00:40:58 - HHH10001005: Database info:
	Database JDBC URL [Connecting through datasource 'HikariDataSource (HikariPool-2)']
	Database driver: undefined/unknown
	Database version: 5.5.5
	Autocommit mode: undefined/unknown
	Isolation level: undefined/unknown
	Minimum pool size: undefined/unknown
	Maximum pool size: undefined/unknown
2025-04-24 00:40:58 - HHH000489: No JTA platform available (set 'hibernate.transaction.jta.platform' to enable JTA platform integration)
2025-04-24 00:40:58 - Initialized JPA EntityManagerFactory for persistence unit 'default'
2025-04-24 00:40:58 - Global AuthenticationManager configured with UserDetailsService bean with name userDetailsServiceImpl
2025-04-24 00:40:58 - 7 mappings in 'requestMappingHandlerMapping'
2025-04-24 00:40:58 - Default resource handling disabled
2025-04-24 00:40:58 - Exposing 1 endpoint beneath base path '/actuator'
2025-04-24 00:40:58 - ControllerAdvice beans: 0 @ModelAttribute, 0 @InitBinder, 1 RequestBodyAdvice, 1 ResponseBodyAdvice
2025-04-24 00:40:58 - ControllerAdvice beans: 1 @ExceptionHandler, 1 ResponseBodyAdvice
2025-04-24 00:40:58 - Started JwtTokenProviderTest in 1.605 seconds (process running for 12.452)
2025-04-24 00:40:58 - ==== App Started ====
2025-04-24 00:40:58 - Java Version: 21.0.6
2025-04-24 00:40:58 - Current Time: 2025-04-24T00:40:58.984207500
2025-04-24 00:40:58 - OS: Windows 10
2025-04-24 00:40:58 - OS Version: 10.0
2025-04-24 00:40:58 - Architecture: amd64
2025-04-24 00:40:58 - JVM Max Memory: 4086 MB
2025-04-24 00:40:58 - JVM Available Processors: 8
2025-04-24 00:40:58 - Spring Boot Version: 3.4.4
2025-04-24 00:40:58 - Active Profiles: dev
2025-04-24 00:40:58 - ==== App Ready! ====
2025-04-24 00:40:59 - Could not detect default configuration classes for test class [com.project.spring_project.SpringProjectApplicationTests]: SpringProjectApplicationTests does not declare any static, non-private, non-final, nested classes annotated with @Configuration.
2025-04-24 00:40:59 - Found @SpringBootConfiguration com.project.spring_project.SpringProjectApplication for test class com.project.spring_project.SpringProjectApplicationTests
2025-04-24 00:40:59 - Restart disabled due to context in which it is running
2025-04-24 00:40:59 - Starting SpringProjectApplicationTests using Java 21.0.6 with PID 9480 (started by OmarU in C:\GitHub\springboot-essentials-template)
2025-04-24 00:40:59 - The following 1 profile is active: "dev"
2025-04-24 00:40:59 - Refreshing org.springframework.web.context.support.GenericWebApplicationContext@5bdf8295
2025-04-24 00:41:00 - Bootstrapping Spring Data JPA repositories in DEFAULT mode.
2025-04-24 00:41:00 - Finished Spring Data repository scanning in 29 ms. Found 1 JPA repository interface.
2025-04-24 00:41:00 - HikariPool-3 - Starting...
2025-04-24 00:41:00 - HikariPool-3 - Added connection com.mysql.cj.jdbc.ConnectionImpl@422910a6
2025-04-24 00:41:00 - HikariPool-3 - Start completed.
2025-04-24 00:41:00 - Reading from mydatabase.databasechangelog
2025-04-24 00:41:00 - Database is up to date, no changesets to execute
2025-04-24 00:41:00 - UPDATE SUMMARY
2025-04-24 00:41:00 - Run:                          0
2025-04-24 00:41:00 - Previously run:               6
2025-04-24 00:41:00 - Filtered out:                 0
2025-04-24 00:41:00 - -------------------------------
2025-04-24 00:41:00 - Total change sets:            6
2025-04-24 00:41:00 - Update summary generated
2025-04-24 00:41:00 - Command execution complete
2025-04-24 00:41:00 - HHH000204: Processing PersistenceUnitInfo [name: default]
2025-04-24 00:41:00 - HHH000026: Second-level cache disabled
2025-04-24 00:41:00 - No LoadTimeWeaver setup: ignoring JPA class transformer
2025-04-24 00:41:00 - HHH000511: The 5.5.5 version for [org.hibernate.dialect.MySQLDialect] is no longer supported, hence certain features may not work properly. The minimum supported version is 8.0.0. Check the community dialects project for available legacy versions.
2025-04-24 00:41:00 - HHH10001005: Database info:
	Database JDBC URL [Connecting through datasource 'HikariDataSource (HikariPool-3)']
	Database driver: undefined/unknown
	Database version: 5.5.5
	Autocommit mode: undefined/unknown
	Isolation level: undefined/unknown
	Minimum pool size: undefined/unknown
	Maximum pool size: undefined/unknown
2025-04-24 00:41:00 - HHH000489: No JTA platform available (set 'hibernate.transaction.jta.platform' to enable JTA platform integration)
2025-04-24 00:41:00 - Initialized JPA EntityManagerFactory for persistence unit 'default'
2025-04-24 00:41:00 - Global AuthenticationManager configured with UserDetailsService bean with name userDetailsServiceImpl
2025-04-24 00:41:01 - 7 mappings in 'requestMappingHandlerMapping'
2025-04-24 00:41:01 - Default resource handling disabled
2025-04-24 00:41:01 - Exposing 1 endpoint beneath base path '/actuator'
2025-04-24 00:41:01 - ControllerAdvice beans: 0 @ModelAttribute, 0 @InitBinder, 1 RequestBodyAdvice, 1 ResponseBodyAdvice
2025-04-24 00:41:01 - ControllerAdvice beans: 1 @ExceptionHandler, 1 ResponseBodyAdvice
2025-04-24 00:41:01 - Started SpringProjectApplicationTests in 2.561 seconds (process running for 15.359)
2025-04-24 00:41:01 - ==== App Started ====
2025-04-24 00:41:01 - Java Version: 21.0.6
2025-04-24 00:41:01 - Current Time: 2025-04-24T00:41:01.890443100
2025-04-24 00:41:01 - OS: Windows 10
2025-04-24 00:41:01 - OS Version: 10.0
2025-04-24 00:41:01 - Architecture: amd64
2025-04-24 00:41:01 - JVM Max Memory: 4086 MB
2025-04-24 00:41:01 - JVM Available Processors: 8
2025-04-24 00:41:01 - Spring Boot Version: 3.4.4
2025-04-24 00:41:01 - Active Profiles: dev
2025-04-24 00:41:01 - ==== App Ready! ====
2025-04-24 00:41:01 - Closing org.springframework.web.context.support.GenericWebApplicationContext@ecfbe91, started on Thu Apr 24 00:40:48 CST 2025
2025-04-24 00:41:01 - Closing JPA EntityManagerFactory for persistence unit 'default'
2025-04-24 00:41:01 - HikariPool-1 - Shutdown initiated...
2025-04-24 00:41:01 - HikariPool-1 - Shutdown completed.
2025-04-24 00:41:01 - Closing org.springframework.web.context.support.GenericWebApplicationContext@27946cee, started on Thu Apr 24 00:40:57 CST 2025
2025-04-24 00:41:01 - Closing JPA EntityManagerFactory for persistence unit 'default'
2025-04-24 00:41:01 - HikariPool-2 - Shutdown initiated...
2025-04-24 00:41:01 - HikariPool-2 - Shutdown completed.
2025-04-24 00:41:01 - Closing org.springframework.web.context.support.GenericWebApplicationContext@5bdf8295, started on Thu Apr 24 00:40:59 CST 2025
2025-04-24 00:41:01 - Closing JPA EntityManagerFactory for persistence unit 'default'
2025-04-24 00:41:01 - HikariPool-3 - Shutdown initiated...
2025-04-24 00:41:01 - HikariPool-3 - Shutdown completed.
